<?xml version="1.0" encoding="UTF-8"?>
<coverage generated="1723023637367" clover="3.2.0">
  <project timestamp="1723023637367" name="All files">
    <metrics statements="223" coveredstatements="193" conditionals="75" coveredconditionals="53" methods="73" coveredmethods="65" elements="371" coveredelements="311" complexity="0" loc="223" ncloc="223" packages="4" files="14" classes="14"/>
    <package name="src">
      <metrics statements="66" coveredstatements="49" conditionals="1" coveredconditionals="0" methods="16" coveredmethods="11"/>
      <file name="error.service.ts" path="/Users/mickey/Development/ExecEnv/klaster-sdk/src/error.service.ts">
        <metrics statements="4" coveredstatements="2" conditionals="0" coveredconditionals="0" methods="2" coveredmethods="0"/>
        <line num="3" count="1" type="stmt"/>
        <line num="4" count="0" type="stmt"/>
        <line num="7" count="1" type="stmt"/>
        <line num="8" count="0" type="stmt"/>
      </file>
      <file name="generated.ts" path="/Users/mickey/Development/ExecEnv/klaster-sdk/src/generated.ts">
        <metrics statements="1" coveredstatements="1" conditionals="0" coveredconditionals="0" methods="0" coveredmethods="0"/>
        <line num="5" count="1" type="stmt"/>
      </file>
      <file name="index.ts" path="/Users/mickey/Development/ExecEnv/klaster-sdk/src/index.ts">
        <metrics statements="37" coveredstatements="33" conditionals="1" coveredconditionals="0" methods="8" coveredmethods="7"/>
        <line num="2" count="1" type="stmt"/>
        <line num="11" count="1" type="stmt"/>
        <line num="12" count="1" type="stmt"/>
        <line num="13" count="1" type="stmt"/>
        <line num="15" count="1" type="stmt"/>
        <line num="16" count="1" type="stmt"/>
        <line num="17" count="1" type="stmt"/>
        <line num="18" count="1" type="stmt"/>
        <line num="19" count="1" type="stmt"/>
        <line num="20" count="1" type="stmt"/>
        <line num="21" count="1" type="stmt"/>
        <line num="22" count="1" type="stmt"/>
        <line num="23" count="1" type="stmt"/>
        <line num="24" count="1" type="stmt"/>
        <line num="68" count="1" type="stmt"/>
        <line num="69" count="10" type="stmt"/>
        <line num="78" count="1" type="stmt"/>
        <line num="80" count="10" type="stmt"/>
        <line num="89" count="10" type="stmt"/>
        <line num="90" count="10" type="stmt"/>
        <line num="94" count="10" type="stmt"/>
        <line num="95" count="10" type="stmt"/>
        <line num="96" count="10" type="stmt"/>
        <line num="100" count="10" type="stmt"/>
        <line num="101" count="10" type="stmt"/>
        <line num="132" count="1" type="stmt"/>
        <line num="133" count="1" type="stmt"/>
        <line num="165" count="1" type="stmt"/>
        <line num="166" count="1" type="stmt"/>
        <line num="214" count="3" type="stmt"/>
        <line num="216" count="3" type="cond" truecount="0" falsecount="1"/>
        <line num="217" count="0" type="stmt"/>
        <line num="220" count="3" type="stmt"/>
        <line num="222" count="3" type="stmt"/>
        <line num="316" count="0" type="stmt"/>
        <line num="317" count="0" type="stmt"/>
        <line num="318" count="0" type="stmt"/>
      </file>
      <file name="node.service.ts" path="/Users/mickey/Development/ExecEnv/klaster-sdk/src/node.service.ts">
        <metrics statements="24" coveredstatements="13" conditionals="0" coveredconditionals="0" methods="6" coveredmethods="4"/>
        <line num="9" count="1" type="stmt"/>
        <line num="10" count="1" type="stmt"/>
        <line num="19" count="1" type="stmt"/>
        <line num="29" count="10" type="stmt"/>
        <line num="30" count="10" type="stmt"/>
        <line num="45" count="2" type="stmt"/>
        <line num="46" count="3" type="stmt"/>
        <line num="48" count="2" type="stmt"/>
        <line num="49" count="2" type="stmt"/>
        <line num="57" count="2" type="stmt"/>
        <line num="59" count="0" type="stmt"/>
        <line num="73" count="0" type="stmt"/>
        <line num="74" count="0" type="stmt"/>
        <line num="75" count="0" type="stmt"/>
        <line num="76" count="0" type="stmt"/>
        <line num="78" count="0" type="stmt"/>
        <line num="93" count="12" type="stmt"/>
        <line num="94" count="12" type="stmt"/>
        <line num="95" count="12" type="stmt"/>
        <line num="97" count="0" type="stmt"/>
        <line num="110" count="0" type="stmt"/>
        <line num="111" count="0" type="stmt"/>
        <line num="112" count="0" type="stmt"/>
        <line num="114" count="0" type="stmt"/>
      </file>
    </package>
    <package name="src.utils">
      <metrics statements="72" coveredstatements="68" conditionals="44" coveredconditionals="31" methods="34" coveredmethods="33"/>
      <file name="chains.service.ts" path="/Users/mickey/Development/ExecEnv/klaster-sdk/src/utils/chains.service.ts">
        <metrics statements="36" coveredstatements="32" conditionals="8" coveredconditionals="4" methods="15" coveredmethods="14"/>
        <line num="1" count="1" type="stmt"/>
        <line num="13" count="1" type="stmt"/>
        <line num="15" count="1" type="stmt"/>
        <line num="19" count="10" type="stmt"/>
        <line num="30" count="3" type="stmt"/>
        <line num="31" count="34" type="cond" truecount="1" falsecount="0"/>
        <line num="32" count="1" type="stmt"/>
        <line num="39" count="2" type="stmt"/>
        <line num="40" count="20" type="stmt"/>
        <line num="44" count="2" type="stmt"/>
        <line num="46" count="8" type="stmt"/>
        <line num="47" count="8" type="stmt"/>
        <line num="53" count="8" type="cond" truecount="3" falsecount="1"/>
        <line num="54" count="20" type="stmt"/>
        <line num="55" count="8" type="cond" truecount="0" falsecount="1"/>
        <line num="56" count="0" type="stmt"/>
        <line num="58" count="8" type="stmt"/>
        <line num="69" count="2" type="stmt"/>
        <line num="71" count="8" type="stmt"/>
        <line num="72" count="8" type="stmt"/>
        <line num="73" count="4" type="stmt"/>
        <line num="74" count="4" type="stmt"/>
        <line num="80" count="4" type="stmt"/>
        <line num="87" count="1" type="cond" truecount="0" falsecount="1"/>
        <line num="88" count="0" type="stmt"/>
        <line num="91" count="1" type="stmt"/>
        <line num="93" count="4" type="stmt"/>
        <line num="99" count="3" type="cond" truecount="0" falsecount="1"/>
        <line num="100" count="0" type="stmt"/>
        <line num="103" count="3" type="stmt"/>
        <line num="110" count="1" type="stmt"/>
        <line num="113" count="4" type="stmt"/>
        <line num="119" count="1" type="stmt"/>
        <line num="120" count="10" type="stmt"/>
        <line num="123" count="1" type="stmt"/>
        <line num="124" count="0" type="stmt"/>
      </file>
      <file name="custom-chain.service.ts" path="/Users/mickey/Development/ExecEnv/klaster-sdk/src/utils/custom-chain.service.ts">
        <metrics statements="3" coveredstatements="3" conditionals="0" coveredconditionals="0" methods="1" coveredmethods="1"/>
        <line num="1" count="1" type="stmt"/>
        <line num="3" count="1" type="stmt"/>
        <line num="4" count="8" type="stmt"/>
      </file>
      <file name="encoding.service.ts" path="/Users/mickey/Development/ExecEnv/klaster-sdk/src/utils/encoding.service.ts">
        <metrics statements="14" coveredstatements="14" conditionals="16" coveredconditionals="12" methods="7" coveredmethods="7"/>
        <line num="1" count="1" type="stmt"/>
        <line num="3" count="1" type="stmt"/>
        <line num="13" count="1" type="stmt"/>
        <line num="41" count="2" type="cond" truecount="3" falsecount="1"/>
        <line num="43" count="2" type="stmt"/>
        <line num="49" count="2" type="stmt"/>
        <line num="89" count="1" type="stmt"/>
        <line num="93" count="2" type="stmt"/>
        <line num="94" count="2" type="cond" truecount="3" falsecount="1"/>
        <line num="95" count="2" type="cond" truecount="3" falsecount="1"/>
        <line num="99" count="1" type="stmt"/>
        <line num="100" count="2" type="stmt"/>
        <line num="102" count="1" type="stmt"/>
        <line num="105" count="1" type="stmt"/>
      </file>
      <file name="itx.service.ts" path="/Users/mickey/Development/ExecEnv/klaster-sdk/src/utils/itx.service.ts">
        <metrics statements="8" coveredstatements="8" conditionals="16" coveredconditionals="12" methods="4" coveredmethods="4"/>
        <line num="7" count="1" type="stmt"/>
        <line num="8" count="3" type="stmt"/>
        <line num="11" count="1" type="stmt"/>
        <line num="19" count="4" type="stmt"/>
        <line num="27" count="1" type="stmt"/>
        <line num="35" count="3" type="stmt"/>
        <line num="43" count="1" type="stmt"/>
        <line num="44" count="7" type="stmt"/>
      </file>
      <file name="salt.service.ts" path="/Users/mickey/Development/ExecEnv/klaster-sdk/src/utils/salt.service.ts">
        <metrics statements="3" coveredstatements="3" conditionals="0" coveredconditionals="0" methods="2" coveredmethods="2"/>
        <line num="7" count="1" type="stmt"/>
        <line num="18" count="10" type="stmt"/>
        <line num="34" count="1" type="stmt"/>
      </file>
      <file name="token-mapping.service.ts" path="/Users/mickey/Development/ExecEnv/klaster-sdk/src/utils/token-mapping.service.ts">
        <metrics statements="8" coveredstatements="8" conditionals="4" coveredconditionals="3" methods="5" coveredmethods="5"/>
        <line num="4" count="1" type="stmt"/>
        <line num="5" count="18" type="cond" truecount="3" falsecount="1"/>
        <line num="8" count="1" type="stmt"/>
        <line num="9" count="10" type="stmt"/>
        <line num="11" count="10" type="stmt"/>
        <line num="12" count="40" type="stmt"/>
        <line num="19" count="1" type="stmt"/>
        <line num="20" count="41" type="stmt"/>
      </file>
    </package>
    <package name="src.utils.constants">
      <metrics statements="1" coveredstatements="1" conditionals="0" coveredconditionals="0" methods="0" coveredmethods="0"/>
      <file name="node-url.constants.ts" path="/Users/mickey/Development/ExecEnv/klaster-sdk/src/utils/constants/node-url.constants.ts">
        <metrics statements="1" coveredstatements="1" conditionals="0" coveredconditionals="0" methods="0" coveredmethods="0"/>
        <line num="1" count="1" type="stmt"/>
      </file>
    </package>
    <package name="src.utils.token-utils">
      <metrics statements="84" coveredstatements="75" conditionals="30" coveredconditionals="22" methods="23" coveredmethods="21"/>
      <file name="erc20-encoder.service.ts" path="/Users/mickey/Development/ExecEnv/klaster-sdk/src/utils/token-utils/erc20-encoder.service.ts">
        <metrics statements="4" coveredstatements="4" conditionals="0" coveredconditionals="0" methods="1" coveredmethods="1"/>
        <line num="1" count="1" type="stmt"/>
        <line num="3" count="1" type="stmt"/>
        <line num="5" count="1" type="stmt"/>
        <line num="15" count="1" type="stmt"/>
      </file>
      <file name="token-resolver.service.ts" path="/Users/mickey/Development/ExecEnv/klaster-sdk/src/utils/token-utils/token-resolver.service.ts">
        <metrics statements="21" coveredstatements="17" conditionals="7" coveredconditionals="4" methods="6" coveredmethods="6"/>
        <line num="1" count="1" type="stmt"/>
        <line num="26" count="1" type="stmt"/>
        <line num="33" count="1" type="cond" truecount="1" falsecount="0"/>
        <line num="42" count="1" type="stmt"/>
        <line num="43" count="1" type="stmt"/>
        <line num="44" count="1" type="stmt"/>
        <line num="46" count="0" type="stmt"/>
        <line num="47" count="0" type="stmt"/>
        <line num="61" count="3" type="cond" truecount="3" falsecount="1"/>
        <line num="62" count="6" type="stmt"/>
        <line num="65" count="3" type="cond" truecount="0" falsecount="1"/>
        <line num="66" count="0" type="stmt"/>
        <line num="69" count="3" type="stmt"/>
        <line num="70" count="12" type="stmt"/>
        <line num="72" count="3" type="cond" truecount="0" falsecount="1"/>
        <line num="73" count="0" type="stmt"/>
        <line num="77" count="3" type="stmt"/>
        <line num="81" count="1" type="stmt"/>
        <line num="82" count="1" type="stmt"/>
        <line num="115" count="1" type="stmt"/>
        <line num="116" count="3" type="stmt"/>
      </file>
      <file name="token-utilization-strategy.service.ts" path="/Users/mickey/Development/ExecEnv/klaster-sdk/src/utils/token-utils/token-utilization-strategy.service.ts">
        <metrics statements="59" coveredstatements="54" conditionals="23" coveredconditionals="18" methods="16" coveredmethods="14"/>
        <line num="12" count="1" type="stmt"/>
        <line num="19" count="5" type="stmt"/>
        <line num="20" count="5" type="stmt"/>
        <line num="22" count="5" type="stmt"/>
        <line num="23" count="11" type="cond" truecount="1" falsecount="0"/>
        <line num="24" count="8" type="cond" truecount="1" falsecount="0"/>
        <line num="26" count="5" type="cond" truecount="2" falsecount="0"/>
        <line num="27" count="5" type="stmt"/>
        <line num="28" count="5" type="stmt"/>
        <line num="32" count="5" type="cond" truecount="1" falsecount="0"/>
        <line num="33" count="1" type="stmt"/>
        <line num="36" count="4" type="stmt"/>
        <line num="39" count="1" type="stmt"/>
        <line num="57" count="5" type="stmt"/>
        <line num="58" count="5" type="stmt"/>
        <line num="59" count="5" type="stmt"/>
        <line num="60" count="5" type="stmt"/>
        <line num="61" count="5" type="stmt"/>
        <line num="62" count="5" type="stmt"/>
        <line num="63" count="5" type="stmt"/>
        <line num="69" count="5" type="cond" truecount="1" falsecount="0"/>
        <line num="70" count="1" type="stmt"/>
        <line num="75" count="4" type="cond" truecount="1" falsecount="0"/>
        <line num="76" count="1" type="stmt"/>
        <line num="82" count="3" type="stmt"/>
        <line num="83" count="3" type="cond" truecount="0" falsecount="1"/>
        <line num="84" count="0" type="stmt"/>
        <line num="87" count="3" type="stmt"/>
        <line num="91" count="3" type="stmt"/>
        <line num="94" count="3" type="stmt"/>
        <line num="95" count="3" type="cond" truecount="0" falsecount="1"/>
        <line num="96" count="0" type="stmt"/>
        <line num="101" count="3" type="stmt"/>
        <line num="113" count="3" type="cond" truecount="2" falsecount="0"/>
        <line num="117" count="3" type="cond" truecount="3" falsecount="1"/>
        <line num="120" count="1" type="stmt"/>
        <line num="123" count="3" type="stmt"/>
        <line num="124" count="3" type="stmt"/>
        <line num="131" count="1" type="stmt"/>
        <line num="148" count="6" type="cond" truecount="3" falsecount="1"/>
        <line num="152" count="6" type="stmt"/>
        <line num="154" count="6" type="cond" truecount="1" falsecount="0"/>
        <line num="155" count="1" type="stmt"/>
        <line num="158" count="14" type="stmt"/>
        <line num="159" count="5" type="cond" truecount="0" falsecount="1"/>
        <line num="160" count="0" type="stmt"/>
        <line num="161" count="0" type="stmt"/>
        <line num="164" count="5" type="stmt"/>
        <line num="165" count="20" type="stmt"/>
        <line num="169" count="5" type="stmt"/>
        <line num="170" count="20" type="cond" truecount="2" falsecount="0"/>
        <line num="174" count="5" type="stmt"/>
        <line num="176" count="15" type="stmt"/>
        <line num="185" count="5" type="stmt"/>
        <line num="196" count="1" type="stmt"/>
        <line num="213" count="6" type="stmt"/>
        <line num="221" count="5" type="stmt"/>
        <line num="224" count="1" type="stmt"/>
        <line num="227" count="0" type="stmt"/>
      </file>
    </package>
  </project>
</coverage>
