{"/Users/mickey/Development/ExecEnv/klaster-sdk/src/error.service.ts": {"path":"/Users/mickey/Development/ExecEnv/klaster-sdk/src/error.service.ts","statementMap":{"0":{"start":{"line":3,"column":0},"end":{"line":3,"column":16}},"1":{"start":{"line":7,"column":0},"end":{"line":7,"column":16}},"2":{"start":{"line":4,"column":2},"end":{"line":4,"column":73}},"3":{"start":{"line":8,"column":2},"end":{"line":8,"column":107}}},"fnMap":{"0":{"name":"parseKlasterNodeError","decl":{"start":{"line":3,"column":16},"end":{"line":3,"column":37}},"loc":{"start":{"line":3,"column":44},"end":{"line":5,"column":1}}},"1":{"name":"parseExecuteError","decl":{"start":{"line":7,"column":16},"end":{"line":7,"column":33}},"loc":{"start":{"line":7,"column":62},"end":{"line":9,"column":1}}}},"branchMap":{},"s":{"0":1,"1":1,"2":0,"3":0},"f":{"0":0,"1":0},"b":{}}
,"/Users/mickey/Development/ExecEnv/klaster-sdk/src/index.ts": {"path":"/Users/mickey/Development/ExecEnv/klaster-sdk/src/index.ts","statementMap":{"0":{"start":{"line":39,"column":0},"end":{"line":39,"column":7}},"1":{"start":{"line":2,"column":0},"end":{"line":2,"column":52}},"2":{"start":{"line":11,"column":0},"end":{"line":11,"column":66}},"3":{"start":{"line":12,"column":0},"end":{"line":12,"column":48}},"4":{"start":{"line":13,"column":0},"end":{"line":13,"column":80}},"5":{"start":{"line":15,"column":0},"end":{"line":15,"column":94}},"6":{"start":{"line":17,"column":0},"end":{"line":17,"column":24}},"7":{"start":{"line":18,"column":0},"end":{"line":18,"column":41}},"8":{"start":{"line":19,"column":0},"end":{"line":19,"column":36}},"9":{"start":{"line":20,"column":0},"end":{"line":20,"column":37}},"10":{"start":{"line":21,"column":0},"end":{"line":21,"column":59}},"11":{"start":{"line":22,"column":0},"end":{"line":22,"column":71}},"12":{"start":{"line":23,"column":0},"end":{"line":23,"column":58}},"13":{"start":{"line":24,"column":0},"end":{"line":24,"column":53}},"14":{"start":{"line":25,"column":0},"end":{"line":25,"column":39}},"15":{"start":{"line":26,"column":0},"end":{"line":26,"column":46}},"16":{"start":{"line":27,"column":0},"end":{"line":27,"column":58}},"17":{"start":{"line":28,"column":0},"end":{"line":28,"column":42}},"18":{"start":{"line":29,"column":0},"end":{"line":29,"column":59}},"19":{"start":{"line":30,"column":0},"end":{"line":30,"column":55}},"20":{"start":{"line":42,"column":2},"end":{"line":42,"column":39}},"21":{"start":{"line":47,"column":2},"end":{"line":47,"column":46}},"22":{"start":{"line":55,"column":4},"end":{"line":55,"column":62}},"23":{"start":{"line":56,"column":4},"end":{"line":56,"column":50}},"24":{"start":{"line":60,"column":16},"end":{"line":60,"column":38}},"25":{"start":{"line":61,"column":4},"end":{"line":61,"column":38}},"26":{"start":{"line":62,"column":4},"end":{"line":62,"column":15}},"27":{"start":{"line":66,"column":24},"end":{"line":67,"column":62}},"28":{"start":{"line":68,"column":4},"end":{"line":68,"column":94}},"29":{"start":{"line":72,"column":20},"end":{"line":72,"column":29}},"30":{"start":{"line":73,"column":4},"end":{"line":75,"column":5}},"31":{"start":{"line":74,"column":6},"end":{"line":74,"column":64}},"32":{"start":{"line":77,"column":20},"end":{"line":85,"column":6}},"33":{"start":{"line":78,"column":22},"end":{"line":78,"column":60}},"34":{"start":{"line":79,"column":6},"end":{"line":83,"column":7}},"35":{"start":{"line":80,"column":8},"end":{"line":82,"column":10}},"36":{"start":{"line":84,"column":6},"end":{"line":84,"column":null}},"37":{"start":{"line":87,"column":4},"end":{"line":87,"column":null}},"38":{"start":{"line":91,"column":22},"end":{"line":91,"column":50}},"39":{"start":{"line":92,"column":4},"end":{"line":95,"column":null}},"40":{"start":{"line":102,"column":4},"end":{"line":102,"column":66}},"41":{"start":{"line":109,"column":18},"end":{"line":109,"column":42}},"42":{"start":{"line":110,"column":23},"end":{"line":110,"column":52}},"43":{"start":{"line":111,"column":4},"end":{"line":111,"column":49}},"44":{"start":{"line":45,"column":0},"end":{"line":45,"column":13}}},"fnMap":{"0":{"name":"initKlaster","decl":{"start":{"line":39,"column":22},"end":{"line":39,"column":33}},"loc":{"start":{"line":40,"column":19},"end":{"line":43,"column":1}}},"1":{"name":"(anonymous_5)","decl":{"start":{"line":54,"column":2},"end":{"line":54,"column":22}},"loc":{"start":{"line":54,"column":39},"end":{"line":57,"column":3}}},"2":{"name":"(anonymous_6)","decl":{"start":{"line":59,"column":9},"end":{"line":59,"column":15}},"loc":{"start":{"line":59,"column":79},"end":{"line":63,"column":3}}},"3":{"name":"(anonymous_7)","decl":{"start":{"line":65,"column":10},"end":{"line":65,"column":15}},"loc":{"start":{"line":65,"column":37},"end":{"line":69,"column":3}}},"4":{"name":"(anonymous_8)","decl":{"start":{"line":71,"column":2},"end":{"line":71,"column":7}},"loc":{"start":{"line":71,"column":43},"end":{"line":88,"column":3}}},"5":{"name":"(anonymous_9)","decl":{"start":{"line":77,"column":32},"end":{"line":77,"column":33}},"loc":{"start":{"line":77,"column":42},"end":{"line":85,"column":5}}},"6":{"name":"(anonymous_10)","decl":{"start":{"line":90,"column":2},"end":{"line":90,"column":18}},"loc":{"start":{"line":90,"column":61},"end":{"line":96,"column":3}}},"7":{"name":"(anonymous_11)","decl":{"start":{"line":98,"column":2},"end":{"line":98,"column":7}},"loc":{"start":{"line":100,"column":22},"end":{"line":103,"column":3}}},"8":{"name":"(anonymous_12)","decl":{"start":{"line":105,"column":2},"end":{"line":105,"column":7}},"loc":{"start":{"line":107,"column":54},"end":{"line":112,"column":3}}}},"branchMap":{"0":{"loc":{"start":{"line":73,"column":4},"end":{"line":75,"column":5}},"type":"if","locations":[{"start":{"line":73,"column":4},"end":{"line":75,"column":5}}]},"1":{"loc":{"start":{"line":79,"column":6},"end":{"line":83,"column":7}},"type":"if","locations":[{"start":{"line":79,"column":6},"end":{"line":83,"column":7}}]}},"s":{"0":1,"1":1,"2":1,"3":1,"4":1,"5":1,"6":1,"7":1,"8":1,"9":1,"10":1,"11":1,"12":1,"13":1,"14":1,"15":1,"16":1,"17":1,"18":1,"19":1,"20":5,"21":5,"22":5,"23":5,"24":5,"25":5,"26":5,"27":5,"28":5,"29":2,"30":2,"31":0,"32":2,"33":2,"34":2,"35":0,"36":2,"37":2,"38":1,"39":1,"40":0,"41":0,"42":0,"43":0,"44":1},"f":{"0":5,"1":5,"2":5,"3":5,"4":2,"5":2,"6":1,"7":0,"8":0},"b":{"0":[0],"1":[0]}}
,"/Users/mickey/Development/ExecEnv/klaster-sdk/src/node.service.ts": {"path":"/Users/mickey/Development/ExecEnv/klaster-sdk/src/node.service.ts","statementMap":{"0":{"start":{"line":10,"column":0},"end":{"line":10,"column":45}},"1":{"start":{"line":11,"column":0},"end":{"line":11,"column":56}},"2":{"start":{"line":20,"column":4},"end":{"line":20,"column":27}},"3":{"start":{"line":21,"column":4},"end":{"line":23,"column":7}},"4":{"start":{"line":27,"column":22},"end":{"line":29,"column":6}},"5":{"start":{"line":28,"column":6},"end":{"line":28,"column":63}},"6":{"start":{"line":30,"column":4},"end":{"line":45,"column":5}},"7":{"start":{"line":31,"column":30},"end":{"line":31,"column":63}},"8":{"start":{"line":32,"column":23},"end":{"line":40,"column":8}},"9":{"start":{"line":42,"column":6},"end":{"line":42,"column":44}},"10":{"start":{"line":44,"column":6},"end":{"line":44,"column":44}},"11":{"start":{"line":49,"column":20},"end":{"line":49,"column":63}},"12":{"start":{"line":50,"column":4},"end":{"line":55,"column":5}},"13":{"start":{"line":51,"column":23},"end":{"line":51,"column":73}},"14":{"start":{"line":52,"column":6},"end":{"line":52,"column":27}},"15":{"start":{"line":54,"column":6},"end":{"line":54,"column":44}},"16":{"start":{"line":59,"column":4},"end":{"line":67,"column":5}},"17":{"start":{"line":60,"column":23},"end":{"line":60,"column":88}},"18":{"start":{"line":61,"column":32},"end":{"line":61,"column":51}},"19":{"start":{"line":62,"column":6},"end":{"line":64,"column":null}},"20":{"start":{"line":63,"column":8},"end":{"line":63,"column":null}},"21":{"start":{"line":66,"column":6},"end":{"line":66,"column":44}},"22":{"start":{"line":71,"column":4},"end":{"line":76,"column":5}},"23":{"start":{"line":72,"column":23},"end":{"line":72,"column":64}},"24":{"start":{"line":73,"column":6},"end":{"line":73,"column":48}},"25":{"start":{"line":75,"column":6},"end":{"line":75,"column":44}},"26":{"start":{"line":15,"column":0},"end":{"line":15,"column":13}}},"fnMap":{"0":{"name":"(anonymous_1)","decl":{"start":{"line":19,"column":2},"end":{"line":19,"column":14}},"loc":{"start":{"line":19,"column":29},"end":{"line":24,"column":3}}},"1":{"name":"(anonymous_2)","decl":{"start":{"line":26,"column":2},"end":{"line":26,"column":7}},"loc":{"start":{"line":26,"column":101},"end":{"line":46,"column":3}}},"2":{"name":"(anonymous_3)","decl":{"start":{"line":27,"column":34},"end":{"line":27,"column":35}},"loc":{"start":{"line":27,"column":45},"end":{"line":29,"column":5}}},"3":{"name":"(anonymous_4)","decl":{"start":{"line":48,"column":2},"end":{"line":48,"column":7}},"loc":{"start":{"line":48,"column":66},"end":{"line":56,"column":3}}},"4":{"name":"(anonymous_5)","decl":{"start":{"line":58,"column":2},"end":{"line":58,"column":7}},"loc":{"start":{"line":58,"column":58},"end":{"line":68,"column":3}}},"5":{"name":"(anonymous_6)","decl":{"start":{"line":62,"column":69},"end":{"line":62,"column":72}},"loc":{"start":{"line":62,"column":75},"end":{"line":64,"column":7}}},"6":{"name":"(anonymous_7)","decl":{"start":{"line":70,"column":2},"end":{"line":70,"column":7}},"loc":{"start":{"line":70,"column":33},"end":{"line":77,"column":3}}}},"branchMap":{},"s":{"0":1,"1":1,"2":5,"3":5,"4":2,"5":2,"6":2,"7":2,"8":2,"9":2,"10":0,"11":0,"12":0,"13":0,"14":0,"15":0,"16":5,"17":5,"18":5,"19":5,"20":37,"21":0,"22":0,"23":0,"24":0,"25":0,"26":1},"f":{"0":5,"1":2,"2":2,"3":0,"4":5,"5":37,"6":0},"b":{}}
,"/Users/mickey/Development/ExecEnv/klaster-sdk/src/accounts/account.service.ts": {"path":"/Users/mickey/Development/ExecEnv/klaster-sdk/src/accounts/account.service.ts","statementMap":{"0":{"start":{"line":1,"column":0},"end":{"line":1,"column":null}},"1":{"start":{"line":19,"column":4},"end":{"line":19,"column":40}},"2":{"start":{"line":22,"column":4},"end":{"line":24,"column":77}},"3":{"start":{"line":11,"column":0},"end":{"line":11,"column":22}},"4":{"start":{"line":37,"column":12},"end":{"line":37,"column":44}},"5":{"start":{"line":32,"column":11},"end":{"line":34,"column":4}},"6":{"start":{"line":33,"column":41},"end":{"line":33,"column":59}},"7":{"start":{"line":40,"column":4},"end":{"line":40,"column":null}},"8":{"start":{"line":44,"column":4},"end":{"line":45,"column":16}},"9":{"start":{"line":44,"column":49},"end":{"line":44,"column":79}},"10":{"start":{"line":49,"column":4},"end":{"line":51,"column":null}},"11":{"start":{"line":50,"column":7},"end":{"line":50,"column":null}},"12":{"start":{"line":50,"column":52},"end":{"line":50,"column":77}},"13":{"start":{"line":28,"column":0},"end":{"line":28,"column":13}}},"fnMap":{"0":{"name":"(anonymous_0)","decl":{"start":{"line":18,"column":2},"end":{"line":18,"column":14}},"loc":{"start":{"line":18,"column":49},"end":{"line":25,"column":3}}},"1":{"name":"(anonymous_1)","decl":{"start":{"line":36,"column":2},"end":{"line":36,"column":null}},"loc":{"start":{"line":38,"column":44},"end":{"line":41,"column":3}}},"2":{"name":"(anonymous_2)","decl":{"start":{"line":33,"column":25},"end":{"line":33,"column":26}},"loc":{"start":{"line":33,"column":41},"end":{"line":33,"column":59}}},"3":{"name":"(anonymous_3)","decl":{"start":{"line":43,"column":2},"end":{"line":43,"column":12}},"loc":{"start":{"line":43,"column":28},"end":{"line":46,"column":3}}},"4":{"name":"(anonymous_4)","decl":{"start":{"line":44,"column":33},"end":{"line":44,"column":34}},"loc":{"start":{"line":44,"column":49},"end":{"line":44,"column":79}}},"5":{"name":"(anonymous_5)","decl":{"start":{"line":48,"column":2},"end":{"line":48,"column":14}},"loc":{"start":{"line":48,"column":33},"end":{"line":52,"column":3}}},"6":{"name":"(anonymous_6)","decl":{"start":{"line":49,"column":24},"end":{"line":49,"column":26}},"loc":{"start":{"line":49,"column":29},"end":{"line":51,"column":5}}},"7":{"name":"(anonymous_7)","decl":{"start":{"line":50,"column":36},"end":{"line":50,"column":37}},"loc":{"start":{"line":50,"column":52},"end":{"line":50,"column":77}}}},"branchMap":{"0":{"loc":{"start":{"line":22,"column":16},"end":{"line":24,"column":76}},"type":"cond-expr","locations":[{"start":{"line":23,"column":8},"end":{"line":23,"column":32}},{"start":{"line":24,"column":8},"end":{"line":24,"column":76}}]}},"s":{"0":1,"1":5,"2":5,"3":1,"4":5,"5":5,"6":37,"7":5,"8":11,"9":42,"10":0,"11":0,"12":0,"13":1},"f":{"0":5,"1":5,"2":37,"3":11,"4":42,"5":0,"6":0,"7":0},"b":{"0":[0,5]}}
,"/Users/mickey/Development/ExecEnv/klaster-sdk/src/accounts/account-vendors/biconomy.account.ts": {"path":"/Users/mickey/Development/ExecEnv/klaster-sdk/src/accounts/account-vendors/biconomy.account.ts","statementMap":{"0":{"start":{"line":22,"column":0},"end":{"line":22,"column":16}},"1":{"start":{"line":1,"column":0},"end":{"line":1,"column":105}},"2":{"start":{"line":2,"column":0},"end":{"line":2,"column":53}},"3":{"start":{"line":9,"column":2},"end":{"line":9,"column":32}},"4":{"start":{"line":12,"column":4},"end":{"line":18,"column":6}},"5":{"start":{"line":8,"column":0},"end":{"line":8,"column":13}},"6":{"start":{"line":29,"column":2},"end":{"line":35,"column":null}}},"fnMap":{"0":{"name":"(anonymous_0)","decl":{"start":{"line":8,"column":0},"end":{"line":8,"column":13}},"loc":{"start":{"line":8,"column":0},"end":{"line":20,"column":1}}},"1":{"name":"(anonymous_1)","decl":{"start":{"line":11,"column":2},"end":{"line":11,"column":34}},"loc":{"start":{"line":11,"column":34},"end":{"line":19,"column":3}}},"2":{"name":"loadBicoV2Account","decl":{"start":{"line":22,"column":16},"end":{"line":22,"column":33}},"loc":{"start":{"line":28,"column":1},"end":{"line":36,"column":1}}}},"branchMap":{"0":{"loc":{"start":{"line":29,"column":9},"end":{"line":35,"column":6}},"type":"cond-expr","locations":[{"start":{"line":29,"column":16},"end":{"line":32,"column":4}},{"start":{"line":33,"column":4},"end":{"line":35,"column":6}}]}},"s":{"0":1,"1":1,"2":1,"3":3,"4":4,"5":1,"6":3},"f":{"0":3,"1":4,"2":3},"b":{"0":[0,3]}}
,"/Users/mickey/Development/ExecEnv/klaster-sdk/src/accounts/account-vendors/safe.account.ts": {"path":"/Users/mickey/Development/ExecEnv/klaster-sdk/src/accounts/account-vendors/safe.account.ts","statementMap":{"0":{"start":{"line":24,"column":0},"end":{"line":24,"column":16}},"1":{"start":{"line":1,"column":0},"end":{"line":1,"column":77}},"2":{"start":{"line":2,"column":0},"end":{"line":2,"column":53}},"3":{"start":{"line":10,"column":2},"end":{"line":10,"column":34}},"4":{"start":{"line":13,"column":4},"end":{"line":20,"column":6}},"5":{"start":{"line":9,"column":0},"end":{"line":9,"column":13}},"6":{"start":{"line":27,"column":2},"end":{"line":27,"column":45}}},"fnMap":{"0":{"name":"(anonymous_0)","decl":{"start":{"line":9,"column":0},"end":{"line":9,"column":13}},"loc":{"start":{"line":9,"column":0},"end":{"line":22,"column":1}}},"1":{"name":"(anonymous_1)","decl":{"start":{"line":12,"column":2},"end":{"line":12,"column":34}},"loc":{"start":{"line":12,"column":34},"end":{"line":21,"column":3}}},"2":{"name":"loadSafeV141Account","decl":{"start":{"line":24,"column":16},"end":{"line":24,"column":35}},"loc":{"start":{"line":25,"column":39},"end":{"line":28,"column":1}}}},"branchMap":{},"s":{"0":1,"1":1,"2":1,"3":2,"4":3,"5":1,"6":2},"f":{"0":2,"1":3,"2":2},"b":{}}
,"/Users/mickey/Development/ExecEnv/klaster-sdk/src/utils/chains.service.ts": {"path":"/Users/mickey/Development/ExecEnv/klaster-sdk/src/utils/chains.service.ts","statementMap":{"0":{"start":{"line":128,"column":0},"end":{"line":128,"column":16}},"1":{"start":{"line":132,"column":0},"end":{"line":132,"column":16}},"2":{"start":{"line":1,"column":0},"end":{"line":1,"column":null}},"3":{"start":{"line":13,"column":0},"end":{"line":13,"column":59}},"4":{"start":{"line":20,"column":4},"end":{"line":20,"column":39}},"5":{"start":{"line":31,"column":4},"end":{"line":36,"column":null}},"6":{"start":{"line":32,"column":6},"end":{"line":35,"column":7}},"7":{"start":{"line":32,"column":42},"end":{"line":32,"column":77}},"8":{"start":{"line":33,"column":8},"end":{"line":34,"column":null}},"9":{"start":{"line":40,"column":25},"end":{"line":41,"column":null}},"10":{"start":{"line":41,"column":6},"end":{"line":41,"column":91}},"11":{"start":{"line":41,"column":38},"end":{"line":41,"column":76}},"12":{"start":{"line":45,"column":27},"end":{"line":67,"column":8}},"13":{"start":{"line":47,"column":22},"end":{"line":47,"column":56}},"14":{"start":{"line":48,"column":8},"end":{"line":51,"column":11}},"15":{"start":{"line":54,"column":29},"end":{"line":55,"column":78}},"16":{"start":{"line":55,"column":30},"end":{"line":55,"column":68}},"17":{"start":{"line":56,"column":8},"end":{"line":58,"column":9}},"18":{"start":{"line":57,"column":10},"end":{"line":57,"column":null}},"19":{"start":{"line":59,"column":8},"end":{"line":66,"column":10}},"20":{"start":{"line":70,"column":20},"end":{"line":93,"column":null}},"21":{"start":{"line":72,"column":8},"end":{"line":92,"column":9}},"22":{"start":{"line":73,"column":26},"end":{"line":73,"column":60}},"23":{"start":{"line":74,"column":10},"end":{"line":80,"column":11}},"24":{"start":{"line":75,"column":12},"end":{"line":79,"column":null}},"25":{"start":{"line":81,"column":26},"end":{"line":81,"column":73}},"26":{"start":{"line":82,"column":27},"end":{"line":82,"column":64}},"27":{"start":{"line":83,"column":10},"end":{"line":87,"column":12}},"28":{"start":{"line":89,"column":10},"end":{"line":91,"column":null}},"29":{"start":{"line":96,"column":4},"end":{"line":98,"column":5}},"30":{"start":{"line":97,"column":6},"end":{"line":97,"column":null}},"31":{"start":{"line":100,"column":24},"end":{"line":116,"column":8}},"32":{"start":{"line":102,"column":8},"end":{"line":105,"column":10}},"33":{"start":{"line":108,"column":8},"end":{"line":111,"column":9}},"34":{"start":{"line":109,"column":10},"end":{"line":110,"column":88}},"35":{"start":{"line":112,"column":8},"end":{"line":115,"column":10}},"36":{"start":{"line":119,"column":4},"end":{"line":124,"column":6}},"37":{"start":{"line":122,"column":8},"end":{"line":122,"column":57}},"38":{"start":{"line":16,"column":0},"end":{"line":16,"column":13}},"39":{"start":{"line":129,"column":2},"end":{"line":129,"column":38}},"40":{"start":{"line":133,"column":2},"end":{"line":136,"column":null}}},"fnMap":{"0":{"name":"(anonymous_0)","decl":{"start":{"line":19,"column":2},"end":{"line":19,"column":14}},"loc":{"start":{"line":19,"column":43},"end":{"line":21,"column":3}}},"1":{"name":"(anonymous_1)","decl":{"start":{"line":23,"column":2},"end":{"line":23,"column":7}},"loc":{"start":{"line":29,"column":3},"end":{"line":125,"column":3}}},"2":{"name":"(anonymous_2)","decl":{"start":{"line":31,"column":25},"end":{"line":31,"column":35}},"loc":{"start":{"line":31,"column":38},"end":{"line":36,"column":5}}},"3":{"name":"(anonymous_3)","decl":{"start":{"line":32,"column":34},"end":{"line":32,"column":38}},"loc":{"start":{"line":32,"column":42},"end":{"line":32,"column":77}}},"4":{"name":"(anonymous_4)","decl":{"start":{"line":40,"column":51},"end":{"line":40,"column":58}},"loc":{"start":{"line":41,"column":6},"end":{"line":41,"column":91}}},"5":{"name":"(anonymous_5)","decl":{"start":{"line":41,"column":24},"end":{"line":41,"column":34}},"loc":{"start":{"line":41,"column":38},"end":{"line":41,"column":76}}},"6":{"name":"(anonymous_6)","decl":{"start":{"line":46,"column":11},"end":{"line":46,"column":12}},"loc":{"start":{"line":46,"column":35},"end":{"line":52,"column":7}}},"7":{"name":"(anonymous_7)","decl":{"start":{"line":53,"column":11},"end":{"line":53,"column":12}},"loc":{"start":{"line":53,"column":22},"end":{"line":67,"column":7}}},"8":{"name":"(anonymous_8)","decl":{"start":{"line":55,"column":16},"end":{"line":55,"column":26}},"loc":{"start":{"line":55,"column":30},"end":{"line":55,"column":68}}},"9":{"name":"(anonymous_9)","decl":{"start":{"line":71,"column":25},"end":{"line":71,"column":30}},"loc":{"start":{"line":71,"column":42},"end":{"line":93,"column":7}}},"10":{"name":"(anonymous_10)","decl":{"start":{"line":101,"column":11},"end":{"line":101,"column":12}},"loc":{"start":{"line":101,"column":22},"end":{"line":106,"column":7}}},"11":{"name":"(anonymous_11)","decl":{"start":{"line":107,"column":14},"end":{"line":107,"column":15}},"loc":{"start":{"line":107,"column":28},"end":{"line":116,"column":7}}},"12":{"name":"(anonymous_12)","decl":{"start":{"line":121,"column":29},"end":{"line":121,"column":30}},"loc":{"start":{"line":121,"column":35},"end":{"line":123,"column":7}}},"13":{"name":"buildMultichainReadonlyClient","decl":{"start":{"line":128,"column":16},"end":{"line":128,"column":45}},"loc":{"start":{"line":128,"column":68},"end":{"line":130,"column":1}}},"14":{"name":"buildRpcInfo","decl":{"start":{"line":132,"column":16},"end":{"line":132,"column":28}},"loc":{"start":{"line":132,"column":60},"end":{"line":137,"column":1}}}},"branchMap":{"0":{"loc":{"start":{"line":32,"column":6},"end":{"line":35,"column":7}},"type":"if","locations":[{"start":{"line":32,"column":6},"end":{"line":35,"column":7}}]},"1":{"loc":{"start":{"line":56,"column":8},"end":{"line":58,"column":9}},"type":"if","locations":[{"start":{"line":56,"column":8},"end":{"line":58,"column":9}}]},"2":{"loc":{"start":{"line":74,"column":10},"end":{"line":80,"column":11}},"type":"if","locations":[{"start":{"line":74,"column":10},"end":{"line":80,"column":11}}]},"3":{"loc":{"start":{"line":96,"column":4},"end":{"line":98,"column":5}},"type":"if","locations":[{"start":{"line":96,"column":4},"end":{"line":98,"column":5}}]},"4":{"loc":{"start":{"line":108,"column":8},"end":{"line":111,"column":9}},"type":"if","locations":[{"start":{"line":108,"column":8},"end":{"line":111,"column":9}}]}},"s":{"0":1,"1":1,"2":1,"3":1,"4":1,"5":1,"6":4,"7":10,"8":0,"9":1,"10":4,"11":10,"12":1,"13":4,"14":4,"15":4,"16":10,"17":4,"18":0,"19":4,"20":1,"21":4,"22":4,"23":4,"24":0,"25":4,"26":4,"27":4,"28":0,"29":1,"30":0,"31":1,"32":4,"33":3,"34":0,"35":3,"36":1,"37":4,"38":1,"39":1,"40":0},"f":{"0":1,"1":1,"2":4,"3":10,"4":4,"5":10,"6":4,"7":4,"8":10,"9":4,"10":4,"11":3,"12":4,"13":1,"14":0},"b":{"0":[0],"1":[0],"2":[0],"3":[0],"4":[0]}}
,"/Users/mickey/Development/ExecEnv/klaster-sdk/src/utils/custom-chain.service.ts": {"path":"/Users/mickey/Development/ExecEnv/klaster-sdk/src/utils/custom-chain.service.ts","statementMap":{"0":{"start":{"line":3,"column":0},"end":{"line":3,"column":16}},"1":{"start":{"line":1,"column":0},"end":{"line":1,"column":42}},"2":{"start":{"line":4,"column":2},"end":{"line":17,"column":5}}},"fnMap":{"0":{"name":"defineCustomChain","decl":{"start":{"line":3,"column":16},"end":{"line":3,"column":33}},"loc":{"start":{"line":3,"column":65},"end":{"line":18,"column":1}}}},"branchMap":{},"s":{"0":1,"1":1,"2":4},"f":{"0":4},"b":{}}
,"/Users/mickey/Development/ExecEnv/klaster-sdk/src/utils/encoding.service.ts": {"path":"/Users/mickey/Development/ExecEnv/klaster-sdk/src/utils/encoding.service.ts","statementMap":{"0":{"start":{"line":6,"column":0},"end":{"line":6,"column":16}},"1":{"start":{"line":1,"column":0},"end":{"line":1,"column":92}},"2":{"start":{"line":10,"column":14},"end":{"line":12,"column":4}},"3":{"start":{"line":14,"column":15},"end":{"line":22,"column":4}},"4":{"start":{"line":18,"column":22},"end":{"line":18,"column":27}},"5":{"start":{"line":19,"column":22},"end":{"line":19,"column":43}},"6":{"start":{"line":20,"column":22},"end":{"line":20,"column":48}},"7":{"start":{"line":24,"column":2},"end":{"line":31,"column":4}},"8":{"start":{"line":27,"column":18},"end":{"line":27,"column":28}},"9":{"start":{"line":28,"column":29},"end":{"line":28,"column":39}}},"fnMap":{"0":{"name":"encodeSmartAccountCall","decl":{"start":{"line":6,"column":16},"end":{"line":6,"column":38}},"loc":{"start":{"line":8,"column":23},"end":{"line":32,"column":1}}},"1":{"name":"(anonymous_1)","decl":{"start":{"line":18,"column":14},"end":{"line":18,"column":15}},"loc":{"start":{"line":18,"column":22},"end":{"line":18,"column":27}}},"2":{"name":"(anonymous_2)","decl":{"start":{"line":19,"column":14},"end":{"line":19,"column":15}},"loc":{"start":{"line":19,"column":22},"end":{"line":19,"column":43}}},"3":{"name":"(anonymous_3)","decl":{"start":{"line":20,"column":14},"end":{"line":20,"column":15}},"loc":{"start":{"line":20,"column":22},"end":{"line":20,"column":48}}},"4":{"name":"(anonymous_4)","decl":{"start":{"line":27,"column":11},"end":{"line":27,"column":12}},"loc":{"start":{"line":27,"column":18},"end":{"line":27,"column":28}}},"5":{"name":"(anonymous_5)","decl":{"start":{"line":28,"column":14},"end":{"line":28,"column":15}},"loc":{"start":{"line":28,"column":29},"end":{"line":28,"column":39}}}},"branchMap":{"0":{"loc":{"start":{"line":19,"column":22},"end":{"line":19,"column":43}},"type":"binary-expr","locations":[{"start":{"line":19,"column":22},"end":{"line":19,"column":30}},{"start":{"line":19,"column":34},"end":{"line":19,"column":43}}]},"1":{"loc":{"start":{"line":20,"column":22},"end":{"line":20,"column":48}},"type":"binary-expr","locations":[{"start":{"line":20,"column":22},"end":{"line":20,"column":29}},{"start":{"line":20,"column":33},"end":{"line":20,"column":48}}]}},"s":{"0":1,"1":1,"2":2,"3":2,"4":2,"5":2,"6":2,"7":2,"8":2,"9":0},"f":{"0":2,"1":2,"2":2,"3":2,"4":2,"5":0},"b":{"0":[2,0],"1":[2,2]}}
,"/Users/mickey/Development/ExecEnv/klaster-sdk/src/utils/itx.service.ts": {"path":"/Users/mickey/Development/ExecEnv/klaster-sdk/src/utils/itx.service.ts","statementMap":{"0":{"start":{"line":7,"column":0},"end":{"line":7,"column":16}},"1":{"start":{"line":11,"column":0},"end":{"line":11,"column":16}},"2":{"start":{"line":27,"column":0},"end":{"line":27,"column":16}},"3":{"start":{"line":43,"column":0},"end":{"line":43,"column":16}},"4":{"start":{"line":8,"column":2},"end":{"line":8,"column":13}},"5":{"start":{"line":19,"column":2},"end":{"line":24,"column":4}},"6":{"start":{"line":35,"column":2},"end":{"line":40,"column":4}},"7":{"start":{"line":44,"column":2},"end":{"line":44,"column":12}}},"fnMap":{"0":{"name":"buildItx","decl":{"start":{"line":7,"column":16},"end":{"line":7,"column":24}},"loc":{"start":{"line":7,"column":51},"end":{"line":9,"column":1}}},"1":{"name":"batchTx","decl":{"start":{"line":11,"column":16},"end":{"line":11,"column":23}},"loc":{"start":{"line":17,"column":3},"end":{"line":25,"column":1}}},"2":{"name":"singleTx","decl":{"start":{"line":27,"column":16},"end":{"line":27,"column":24}},"loc":{"start":{"line":33,"column":3},"end":{"line":41,"column":1}}},"3":{"name":"rawTx","decl":{"start":{"line":43,"column":16},"end":{"line":43,"column":21}},"loc":{"start":{"line":43,"column":40},"end":{"line":45,"column":1}}}},"branchMap":{},"s":{"0":1,"1":1,"2":1,"3":1,"4":2,"5":0,"6":2,"7":0},"f":{"0":2,"1":0,"2":2,"3":0},"b":{}}
,"/Users/mickey/Development/ExecEnv/klaster-sdk/src/utils/salt.service.ts": {"path":"/Users/mickey/Development/ExecEnv/klaster-sdk/src/utils/salt.service.ts","statementMap":{"0":{"start":{"line":5,"column":4},"end":{"line":5,"column":15}},"1":{"start":{"line":9,"column":4},"end":{"line":9,"column":24}},"2":{"start":{"line":2,"column":0},"end":{"line":2,"column":13}}},"fnMap":{"0":{"name":"(anonymous_0)","decl":{"start":{"line":4,"column":9},"end":{"line":4,"column":15}},"loc":{"start":{"line":4,"column":28},"end":{"line":6,"column":3}}},"1":{"name":"(anonymous_1)","decl":{"start":{"line":8,"column":9},"end":{"line":8,"column":15}},"loc":{"start":{"line":8,"column":35},"end":{"line":10,"column":3}}}},"branchMap":{},"s":{"0":5,"1":0,"2":1},"f":{"0":5,"1":0},"b":{}}
,"/Users/mickey/Development/ExecEnv/klaster-sdk/src/utils/token-mapping.service.ts": {"path":"/Users/mickey/Development/ExecEnv/klaster-sdk/src/utils/token-mapping.service.ts","statementMap":{"0":{"start":{"line":4,"column":0},"end":{"line":4,"column":16}},"1":{"start":{"line":8,"column":0},"end":{"line":8,"column":16}},"2":{"start":{"line":19,"column":0},"end":{"line":19,"column":16}},"3":{"start":{"line":5,"column":2},"end":{"line":5,"column":null}},"4":{"start":{"line":5,"column":41},"end":{"line":5,"column":71}},"5":{"start":{"line":9,"column":42},"end":{"line":9,"column":44}},"6":{"start":{"line":11,"column":2},"end":{"line":16,"column":null}},"7":{"start":{"line":12,"column":4},"end":{"line":15,"column":null}},"8":{"start":{"line":20,"column":2},"end":{"line":23,"column":null}}},"fnMap":{"0":{"name":"getTokenAddressForChainId","decl":{"start":{"line":4,"column":16},"end":{"line":4,"column":41}},"loc":{"start":{"line":4,"column":95},"end":{"line":6,"column":1}}},"1":{"name":"(anonymous_1)","decl":{"start":{"line":5,"column":27},"end":{"line":5,"column":37}},"loc":{"start":{"line":5,"column":41},"end":{"line":5,"column":71}}},"2":{"name":"buildTokenMapping","decl":{"start":{"line":8,"column":16},"end":{"line":8,"column":33}},"loc":{"start":{"line":8,"column":53},"end":{"line":17,"column":1}}},"3":{"name":"(anonymous_3)","decl":{"start":{"line":11,"column":20},"end":{"line":11,"column":25}},"loc":{"start":{"line":11,"column":28},"end":{"line":16,"column":3}}},"4":{"name":"deployment","decl":{"start":{"line":19,"column":16},"end":{"line":19,"column":26}},"loc":{"start":{"line":19,"column":60},"end":{"line":24,"column":1}}}},"branchMap":{},"s":{"0":1,"1":1,"2":1,"3":0,"4":0,"5":4,"6":4,"7":25,"8":25},"f":{"0":0,"1":0,"2":4,"3":25,"4":25},"b":{}}
,"/Users/mickey/Development/ExecEnv/klaster-sdk/src/utils/constants/common-tokens.constants.ts": {"path":"/Users/mickey/Development/ExecEnv/klaster-sdk/src/utils/constants/common-tokens.constants.ts","statementMap":{"0":{"start":{"line":1,"column":0},"end":{"line":1,"column":35}},"1":{"start":{"line":2,"column":0},"end":{"line":2,"column":73}},"2":{"start":{"line":3,"column":0},"end":{"line":3,"column":null}},"3":{"start":{"line":14,"column":13},"end":{"line":22,"column":3}},"4":{"start":{"line":24,"column":13},"end":{"line":33,"column":3}},"5":{"start":{"line":35,"column":13},"end":{"line":39,"column":2}},"6":{"start":{"line":37,"column":4},"end":{"line":37,"column":37}},"7":{"start":{"line":41,"column":13},"end":{"line":48,"column":3}}},"fnMap":{"0":{"name":"(anonymous_0)","decl":{"start":{"line":36,"column":42},"end":{"line":36,"column":43}},"loc":{"start":{"line":37,"column":4},"end":{"line":37,"column":37}}}},"branchMap":{},"s":{"0":1,"1":1,"2":1,"3":1,"4":1,"5":1,"6":4,"7":1},"f":{"0":4},"b":{}}
,"/Users/mickey/Development/ExecEnv/klaster-sdk/src/utils/constants/node-url.constants.ts": {"path":"/Users/mickey/Development/ExecEnv/klaster-sdk/src/utils/constants/node-url.constants.ts","statementMap":{"0":{"start":{"line":1,"column":13},"end":{"line":3,"column":null}}},"fnMap":{},"branchMap":{},"s":{"0":1},"f":{},"b":{}}
,"/Users/mickey/Development/ExecEnv/klaster-sdk/src/utils/token-utils/erc20-encoder.service.ts": {"path":"/Users/mickey/Development/ExecEnv/klaster-sdk/src/utils/token-utils/erc20-encoder.service.ts","statementMap":{"0":{"start":{"line":5,"column":0},"end":{"line":5,"column":16}},"1":{"start":{"line":1,"column":0},"end":{"line":1,"column":61}},"2":{"start":{"line":3,"column":0},"end":{"line":3,"column":39}},"3":{"start":{"line":15,"column":2},"end":{"line":24,"column":null}}},"fnMap":{"0":{"name":"encodeApproveTx","decl":{"start":{"line":5,"column":16},"end":{"line":5,"column":31}},"loc":{"start":{"line":13,"column":1},"end":{"line":25,"column":1}}}},"branchMap":{},"s":{"0":1,"1":1,"2":1,"3":0},"f":{"0":0},"b":{}}
,"/Users/mickey/Development/ExecEnv/klaster-sdk/src/utils/token-utils/token-resolver.service.ts": {"path":"/Users/mickey/Development/ExecEnv/klaster-sdk/src/utils/token-utils/token-resolver.service.ts","statementMap":{"0":{"start":{"line":115,"column":0},"end":{"line":115,"column":16}},"1":{"start":{"line":1,"column":0},"end":{"line":1,"column":26}},"2":{"start":{"line":33,"column":12},"end":{"line":33,"column":29}},"3":{"start":{"line":26,"column":10},"end":{"line":26,"column":42}},"4":{"start":{"line":42,"column":4},"end":{"line":48,"column":5}},"5":{"start":{"line":43,"column":23},"end":{"line":43,"column":64}},"6":{"start":{"line":44,"column":6},"end":{"line":44,"column":32}},"7":{"start":{"line":46,"column":6},"end":{"line":46,"column":51}},"8":{"start":{"line":47,"column":6},"end":{"line":47,"column":18}},"9":{"start":{"line":61,"column":27},"end":{"line":62,"column":null}},"10":{"start":{"line":62,"column":13},"end":{"line":62,"column":45}},"11":{"start":{"line":65,"column":4},"end":{"line":68,"column":5}},"12":{"start":{"line":66,"column":6},"end":{"line":67,"column":21}},"13":{"start":{"line":69,"column":18},"end":{"line":70,"column":null}},"14":{"start":{"line":70,"column":13},"end":{"line":70,"column":60}},"15":{"start":{"line":72,"column":4},"end":{"line":76,"column":5}},"16":{"start":{"line":73,"column":6},"end":{"line":75,"column":8}},"17":{"start":{"line":77,"column":4},"end":{"line":77,"column":null}},"18":{"start":{"line":81,"column":16},"end":{"line":81,"column":39}},"19":{"start":{"line":82,"column":0},"end":{"line":82,"column":15}},"20":{"start":{"line":116,"column":2},"end":{"line":116,"column":47}}},"fnMap":{"0":{"name":"(anonymous_1)","decl":{"start":{"line":32,"column":2},"end":{"line":32,"column":null}},"loc":{"start":{"line":33,"column":68},"end":{"line":34,"column":6}}},"1":{"name":"(anonymous_2)","decl":{"start":{"line":41,"column":2},"end":{"line":41,"column":7}},"loc":{"start":{"line":41,"column":12},"end":{"line":49,"column":3}}},"2":{"name":"(anonymous_3)","decl":{"start":{"line":60,"column":2},"end":{"line":60,"column":14}},"loc":{"start":{"line":60,"column":46},"end":{"line":78,"column":3}}},"3":{"name":"(anonymous_4)","decl":{"start":{"line":62,"column":6},"end":{"line":62,"column":7}},"loc":{"start":{"line":62,"column":13},"end":{"line":62,"column":45}}},"4":{"name":"(anonymous_5)","decl":{"start":{"line":70,"column":6},"end":{"line":70,"column":7}},"loc":{"start":{"line":70,"column":13},"end":{"line":70,"column":60}}},"5":{"name":"resolveToken","decl":{"start":{"line":115,"column":16},"end":{"line":115,"column":28}},"loc":{"start":{"line":115,"column":72},"end":{"line":117,"column":1}}}},"branchMap":{"0":{"loc":{"start":{"line":33,"column":12},"end":{"line":33,"column":68}},"type":"default-arg","locations":[{"start":{"line":33,"column":29},"end":{"line":33,"column":68}}]},"1":{"loc":{"start":{"line":65,"column":4},"end":{"line":68,"column":5}},"type":"if","locations":[{"start":{"line":65,"column":4},"end":{"line":68,"column":5}}]},"2":{"loc":{"start":{"line":72,"column":4},"end":{"line":76,"column":5}},"type":"if","locations":[{"start":{"line":72,"column":4},"end":{"line":76,"column":5}}]}},"s":{"0":1,"1":1,"2":1,"3":1,"4":1,"5":1,"6":1,"7":0,"8":0,"9":1,"10":2,"11":1,"12":0,"13":1,"14":4,"15":1,"16":0,"17":1,"18":1,"19":1,"20":1},"f":{"0":1,"1":1,"2":1,"3":2,"4":4,"5":1},"b":{"0":[1],"1":[0],"2":[0]}}
,"/Users/mickey/Development/ExecEnv/klaster-sdk/src/utils/token-utils/token-utilization-strategy.service.ts": {"path":"/Users/mickey/Development/ExecEnv/klaster-sdk/src/utils/token-utils/token-utilization-strategy.service.ts","statementMap":{"0":{"start":{"line":138,"column":0},"end":{"line":138,"column":7}},"1":{"start":{"line":209,"column":0},"end":{"line":209,"column":7}},"2":{"start":{"line":237,"column":0},"end":{"line":237,"column":16}},"3":{"start":{"line":12,"column":0},"end":{"line":12,"column":69}},"4":{"start":{"line":19,"column":24},"end":{"line":19,"column":30}},"5":{"start":{"line":20,"column":49},"end":{"line":20,"column":51}},"6":{"start":{"line":22,"column":2},"end":{"line":30,"column":3}},"7":{"start":{"line":23,"column":4},"end":{"line":23,"column":44}},"8":{"start":{"line":23,"column":38},"end":{"line":23,"column":44}},"9":{"start":{"line":24,"column":4},"end":{"line":29,"column":5}},"10":{"start":{"line":26,"column":8},"end":{"line":26,"column":62}},"11":{"start":{"line":27,"column":6},"end":{"line":27,"column":52}},"12":{"start":{"line":28,"column":6},"end":{"line":28,"column":37}},"13":{"start":{"line":32,"column":2},"end":{"line":34,"column":3}},"14":{"start":{"line":33,"column":4},"end":{"line":33,"column":16}},"15":{"start":{"line":36,"column":2},"end":{"line":36,"column":16}},"16":{"start":{"line":57,"column":4},"end":{"line":57,"column":23}},"17":{"start":{"line":58,"column":4},"end":{"line":58,"column":37}},"18":{"start":{"line":59,"column":4},"end":{"line":59,"column":39}},"19":{"start":{"line":60,"column":4},"end":{"line":60,"column":27}},"20":{"start":{"line":61,"column":4},"end":{"line":61,"column":59}},"21":{"start":{"line":62,"column":4},"end":{"line":62,"column":49}},"22":{"start":{"line":63,"column":4},"end":{"line":63,"column":35}},"23":{"start":{"line":69,"column":4},"end":{"line":72,"column":5}},"24":{"start":{"line":70,"column":6},"end":{"line":71,"column":104}},"25":{"start":{"line":75,"column":4},"end":{"line":80,"column":5}},"26":{"start":{"line":76,"column":6},"end":{"line":79,"column":8}},"27":{"start":{"line":82,"column":29},"end":{"line":84,"column":null}},"28":{"start":{"line":86,"column":4},"end":{"line":90,"column":5}},"29":{"start":{"line":87,"column":6},"end":{"line":89,"column":8}},"30":{"start":{"line":92,"column":24},"end":{"line":117,"column":null}},"31":{"start":{"line":96,"column":10},"end":{"line":96,"column":53}},"32":{"start":{"line":99,"column":30},"end":{"line":101,"column":null}},"33":{"start":{"line":103,"column":10},"end":{"line":107,"column":11}},"34":{"start":{"line":104,"column":12},"end":{"line":106,"column":14}},"35":{"start":{"line":109,"column":10},"end":{"line":116,"column":13}},"36":{"start":{"line":121,"column":6},"end":{"line":129,"column":14}},"37":{"start":{"line":125,"column":14},"end":{"line":125,"column":58}},"38":{"start":{"line":128,"column":14},"end":{"line":128,"column":32}},"39":{"start":{"line":131,"column":4},"end":{"line":134,"column":6}},"40":{"start":{"line":132,"column":36},"end":{"line":132,"column":45}},"41":{"start":{"line":39,"column":0},"end":{"line":39,"column":13}},"42":{"start":{"line":156,"column":4},"end":{"line":160,"column":7}},"43":{"start":{"line":161,"column":19},"end":{"line":161,"column":36}},"44":{"start":{"line":163,"column":2},"end":{"line":167,"column":3}},"45":{"start":{"line":164,"column":4},"end":{"line":166,"column":6}},"46":{"start":{"line":169,"column":27},"end":{"line":170,"column":null}},"47":{"start":{"line":170,"column":17},"end":{"line":170,"column":55}},"48":{"start":{"line":172,"column":2},"end":{"line":175,"column":3}},"49":{"start":{"line":173,"column":4},"end":{"line":174,"column":82}},"50":{"start":{"line":174,"column":48},"end":{"line":174,"column":77}},"51":{"start":{"line":177,"column":31},"end":{"line":178,"column":null}},"52":{"start":{"line":178,"column":17},"end":{"line":178,"column":55}},"53":{"start":{"line":182,"column":25},"end":{"line":184,"column":4}},"54":{"start":{"line":183,"column":4},"end":{"line":183,"column":40}},"55":{"start":{"line":187,"column":32},"end":{"line":195,"column":null}},"56":{"start":{"line":189,"column":6},"end":{"line":193,"column":8}},"57":{"start":{"line":198,"column":2},"end":{"line":206,"column":4}},"58":{"start":{"line":226,"column":19},"end":{"line":233,"column":4}},"59":{"start":{"line":234,"column":2},"end":{"line":234,"column":45}},"60":{"start":{"line":240,"column":2},"end":{"line":240,"column":17}}},"fnMap":{"0":{"name":"calculateTokenUtilizationStrategy","decl":{"start":{"line":15,"column":9},"end":{"line":15,"column":42}},"loc":{"start":{"line":17,"column":16},"end":{"line":37,"column":1}}},"1":{"name":"(anonymous_1)","decl":{"start":{"line":48,"column":2},"end":{"line":48,"column":null}},"loc":{"start":{"line":55,"column":23},"end":{"line":64,"column":3}}},"2":{"name":"(anonymous_2)","decl":{"start":{"line":66,"column":2},"end":{"line":66,"column":7}},"loc":{"start":{"line":67,"column":40},"end":{"line":135,"column":3}}},"3":{"name":"(anonymous_3)","decl":{"start":{"line":95,"column":16},"end":{"line":95,"column":17}},"loc":{"start":{"line":95,"column":40},"end":{"line":97,"column":9}}},"4":{"name":"(anonymous_4)","decl":{"start":{"line":98,"column":13},"end":{"line":98,"column":18}},"loc":{"start":{"line":98,"column":43},"end":{"line":117,"column":9}}},"5":{"name":"(anonymous_5)","decl":{"start":{"line":124,"column":17},"end":{"line":124,"column":18}},"loc":{"start":{"line":124,"column":23},"end":{"line":126,"column":13}}},"6":{"name":"(anonymous_6)","decl":{"start":{"line":127,"column":20},"end":{"line":127,"column":21}},"loc":{"start":{"line":127,"column":34},"end":{"line":129,"column":13}}},"7":{"name":"(anonymous_7)","decl":{"start":{"line":132,"column":29},"end":{"line":132,"column":30}},"loc":{"start":{"line":132,"column":36},"end":{"line":132,"column":45}}},"8":{"name":"prepareStrategy","decl":{"start":{"line":138,"column":22},"end":{"line":138,"column":37}},"loc":{"start":{"line":152,"column":1},"end":{"line":207,"column":1}}},"9":{"name":"(anonymous_9)","decl":{"start":{"line":170,"column":4},"end":{"line":170,"column":5}},"loc":{"start":{"line":170,"column":17},"end":{"line":170,"column":55}}},"10":{"name":"(anonymous_10)","decl":{"start":{"line":174,"column":41},"end":{"line":174,"column":42}},"loc":{"start":{"line":174,"column":48},"end":{"line":174,"column":77}}},"11":{"name":"(anonymous_11)","decl":{"start":{"line":178,"column":4},"end":{"line":178,"column":5}},"loc":{"start":{"line":178,"column":17},"end":{"line":178,"column":55}}},"12":{"name":"(anonymous_12)","decl":{"start":{"line":182,"column":51},"end":{"line":182,"column":52}},"loc":{"start":{"line":182,"column":60},"end":{"line":184,"column":3}}},"13":{"name":"(anonymous_13)","decl":{"start":{"line":188,"column":23},"end":{"line":188,"column":24}},"loc":{"start":{"line":188,"column":41},"end":{"line":194,"column":5}}},"14":{"name":"encodeBridgingOps","decl":{"start":{"line":209,"column":22},"end":{"line":209,"column":39}},"loc":{"start":{"line":225,"column":1},"end":{"line":235,"column":1}}},"15":{"name":"buildBridgingEncoder","decl":{"start":{"line":237,"column":16},"end":{"line":237,"column":36}},"loc":{"start":{"line":238,"column":23},"end":{"line":241,"column":1}}}},"branchMap":{"0":{"loc":{"start":{"line":23,"column":4},"end":{"line":23,"column":44}},"type":"if","locations":[{"start":{"line":23,"column":4},"end":{"line":23,"column":44}}]},"1":{"loc":{"start":{"line":24,"column":4},"end":{"line":29,"column":5}},"type":"if","locations":[{"start":{"line":24,"column":4},"end":{"line":29,"column":5}}]},"2":{"loc":{"start":{"line":26,"column":8},"end":{"line":26,"column":62}},"type":"cond-expr","locations":[{"start":{"line":26,"column":37},"end":{"line":26,"column":52}},{"start":{"line":26,"column":55},"end":{"line":26,"column":62}}]},"3":{"loc":{"start":{"line":32,"column":2},"end":{"line":34,"column":3}},"type":"if","locations":[{"start":{"line":32,"column":2},"end":{"line":34,"column":3}}]},"4":{"loc":{"start":{"line":69,"column":4},"end":{"line":72,"column":5}},"type":"if","locations":[{"start":{"line":69,"column":4},"end":{"line":72,"column":5}}]},"5":{"loc":{"start":{"line":75,"column":4},"end":{"line":80,"column":5}},"type":"if","locations":[{"start":{"line":75,"column":4},"end":{"line":80,"column":5}}]},"6":{"loc":{"start":{"line":86,"column":4},"end":{"line":90,"column":5}},"type":"if","locations":[{"start":{"line":86,"column":4},"end":{"line":90,"column":5}}]},"7":{"loc":{"start":{"line":103,"column":10},"end":{"line":107,"column":11}},"type":"if","locations":[{"start":{"line":103,"column":10},"end":{"line":107,"column":11}}]},"8":{"loc":{"start":{"line":121,"column":6},"end":{"line":129,"column":14}},"type":"cond-expr","locations":[{"start":{"line":122,"column":10},"end":{"line":122,"column":19}},{"start":{"line":123,"column":10},"end":{"line":129,"column":14}}]},"9":{"loc":{"start":{"line":125,"column":21},"end":{"line":125,"column":57}},"type":"binary-expr","locations":[{"start":{"line":125,"column":21},"end":{"line":125,"column":44}},{"start":{"line":125,"column":48},"end":{"line":125,"column":57}}]},"10":{"loc":{"start":{"line":156,"column":4},"end":{"line":160,"column":7}},"type":"binary-expr","locations":[{"start":{"line":156,"column":4},"end":{"line":156,"column":18}},{"start":{"line":157,"column":5},"end":{"line":160,"column":6}}]},"11":{"loc":{"start":{"line":163,"column":2},"end":{"line":167,"column":3}},"type":"if","locations":[{"start":{"line":163,"column":2},"end":{"line":167,"column":3}}]},"12":{"loc":{"start":{"line":172,"column":2},"end":{"line":175,"column":3}},"type":"if","locations":[{"start":{"line":172,"column":2},"end":{"line":175,"column":3}}]},"13":{"loc":{"start":{"line":183,"column":11},"end":{"line":183,"column":39}},"type":"cond-expr","locations":[{"start":{"line":183,"column":33},"end":{"line":183,"column":35}},{"start":{"line":183,"column":38},"end":{"line":183,"column":39}}]}},"s":{"0":1,"1":1,"2":1,"3":1,"4":0,"5":0,"6":0,"7":0,"8":0,"9":0,"10":0,"11":0,"12":0,"13":0,"14":0,"15":0,"16":0,"17":0,"18":0,"19":0,"20":0,"21":0,"22":0,"23":0,"24":0,"25":0,"26":0,"27":0,"28":0,"29":0,"30":0,"31":0,"32":0,"33":0,"34":0,"35":0,"36":0,"37":0,"38":0,"39":0,"40":0,"41":1,"42":0,"43":0,"44":0,"45":0,"46":0,"47":0,"48":0,"49":0,"50":0,"51":0,"52":0,"53":0,"54":0,"55":0,"56":0,"57":0,"58":0,"59":0,"60":0},"f":{"0":0,"1":0,"2":0,"3":0,"4":0,"5":0,"6":0,"7":0,"8":0,"9":0,"10":0,"11":0,"12":0,"13":0,"14":0,"15":0},"b":{"0":[0],"1":[0],"2":[0,0],"3":[0],"4":[0],"5":[0],"6":[0],"7":[0],"8":[0,0],"9":[0,0],"10":[0,0],"11":[0],"12":[0],"13":[0,0]}}
}
