{"/Users/mickey/Development/ExecEnv/klaster-sdk/src/error.service.ts": {"path":"/Users/mickey/Development/ExecEnv/klaster-sdk/src/error.service.ts","statementMap":{"0":{"start":{"line":3,"column":0},"end":{"line":3,"column":16}},"1":{"start":{"line":7,"column":0},"end":{"line":7,"column":16}},"2":{"start":{"line":4,"column":2},"end":{"line":4,"column":73}},"3":{"start":{"line":8,"column":2},"end":{"line":8,"column":107}}},"fnMap":{"0":{"name":"parseKlasterNodeError","decl":{"start":{"line":3,"column":16},"end":{"line":3,"column":37}},"loc":{"start":{"line":3,"column":44},"end":{"line":5,"column":1}}},"1":{"name":"parseExecuteError","decl":{"start":{"line":7,"column":16},"end":{"line":7,"column":33}},"loc":{"start":{"line":7,"column":62},"end":{"line":9,"column":1}}}},"branchMap":{},"s":{"0":1,"1":1,"2":0,"3":0},"f":{"0":0,"1":0},"b":{}}
,"/Users/mickey/Development/ExecEnv/klaster-sdk/src/generated.ts": {"path":"/Users/mickey/Development/ExecEnv/klaster-sdk/src/generated.ts","statementMap":{"0":{"start":{"line":5,"column":13},"end":{"line":645,"column":11}}},"fnMap":{},"branchMap":{},"s":{"0":1},"f":{},"b":{}}
,"/Users/mickey/Development/ExecEnv/klaster-sdk/src/index.ts": {"path":"/Users/mickey/Development/ExecEnv/klaster-sdk/src/index.ts","statementMap":{"0":{"start":{"line":68,"column":0},"end":{"line":68,"column":7}},"1":{"start":{"line":2,"column":0},"end":{"line":2,"column":52}},"2":{"start":{"line":11,"column":0},"end":{"line":11,"column":59}},"3":{"start":{"line":12,"column":0},"end":{"line":12,"column":48}},"4":{"start":{"line":13,"column":0},"end":{"line":13,"column":94}},"5":{"start":{"line":15,"column":0},"end":{"line":15,"column":24}},"6":{"start":{"line":16,"column":0},"end":{"line":16,"column":41}},"7":{"start":{"line":17,"column":0},"end":{"line":17,"column":36}},"8":{"start":{"line":18,"column":0},"end":{"line":18,"column":37}},"9":{"start":{"line":19,"column":0},"end":{"line":19,"column":59}},"10":{"start":{"line":20,"column":0},"end":{"line":20,"column":70}},"11":{"start":{"line":21,"column":0},"end":{"line":21,"column":57}},"12":{"start":{"line":22,"column":0},"end":{"line":22,"column":52}},"13":{"start":{"line":23,"column":0},"end":{"line":23,"column":38}},"14":{"start":{"line":24,"column":0},"end":{"line":24,"column":45}},"15":{"start":{"line":69,"column":2},"end":{"line":69,"column":null}},"16":{"start":{"line":80,"column":2},"end":{"line":80,"column":46}},"17":{"start":{"line":89,"column":4},"end":{"line":89,"column":62}},"18":{"start":{"line":90,"column":4},"end":{"line":90,"column":46}},"19":{"start":{"line":94,"column":16},"end":{"line":94,"column":38}},"20":{"start":{"line":95,"column":4},"end":{"line":95,"column":null}},"21":{"start":{"line":96,"column":4},"end":{"line":96,"column":null}},"22":{"start":{"line":100,"column":20},"end":{"line":100,"column":96}},"23":{"start":{"line":101,"column":4},"end":{"line":104,"column":null}},"24":{"start":{"line":132,"column":4},"end":{"line":132,"column":32}},"25":{"start":{"line":133,"column":4},"end":{"line":136,"column":null}},"26":{"start":{"line":165,"column":4},"end":{"line":165,"column":34}},"27":{"start":{"line":166,"column":4},"end":{"line":169,"column":null}},"28":{"start":{"line":214,"column":20},"end":{"line":214,"column":32}},"29":{"start":{"line":216,"column":4},"end":{"line":218,"column":5}},"30":{"start":{"line":217,"column":6},"end":{"line":217,"column":null}},"31":{"start":{"line":220,"column":22},"end":{"line":220,"column":57}},"32":{"start":{"line":222,"column":4},"end":{"line":227,"column":6}},"33":{"start":{"line":316,"column":18},"end":{"line":316,"column":42}},"34":{"start":{"line":317,"column":23},"end":{"line":317,"column":52}},"35":{"start":{"line":318,"column":4},"end":{"line":318,"column":49}},"36":{"start":{"line":78,"column":0},"end":{"line":78,"column":13}}},"fnMap":{"0":{"name":"initKlaster","decl":{"start":{"line":68,"column":22},"end":{"line":68,"column":33}},"loc":{"start":{"line":68,"column":48},"end":{"line":70,"column":1}}},"1":{"name":"(anonymous_5)","decl":{"start":{"line":88,"column":2},"end":{"line":88,"column":22}},"loc":{"start":{"line":88,"column":36},"end":{"line":91,"column":3}}},"2":{"name":"(anonymous_6)","decl":{"start":{"line":93,"column":9},"end":{"line":93,"column":15}},"loc":{"start":{"line":93,"column":41},"end":{"line":97,"column":3}}},"3":{"name":"(anonymous_7)","decl":{"start":{"line":99,"column":10},"end":{"line":99,"column":15}},"loc":{"start":{"line":99,"column":37},"end":{"line":105,"column":3}}},"4":{"name":"(anonymous_8)","decl":{"start":{"line":131,"column":2},"end":{"line":131,"column":7}},"loc":{"start":{"line":131,"column":43},"end":{"line":137,"column":3}}},"5":{"name":"(anonymous_9)","decl":{"start":{"line":164,"column":2},"end":{"line":164,"column":7}},"loc":{"start":{"line":164,"column":38},"end":{"line":170,"column":3}}},"6":{"name":"(anonymous_10)","decl":{"start":{"line":213,"column":2},"end":{"line":213,"column":12}},"loc":{"start":{"line":213,"column":62},"end":{"line":228,"column":3}}},"7":{"name":"(anonymous_11)","decl":{"start":{"line":312,"column":2},"end":{"line":312,"column":7}},"loc":{"start":{"line":314,"column":54},"end":{"line":319,"column":3}}}},"branchMap":{"0":{"loc":{"start":{"line":216,"column":4},"end":{"line":218,"column":5}},"type":"if","locations":[{"start":{"line":216,"column":4},"end":{"line":218,"column":5}}]}},"s":{"0":1,"1":1,"2":1,"3":1,"4":1,"5":1,"6":1,"7":1,"8":1,"9":1,"10":1,"11":1,"12":1,"13":1,"14":1,"15":10,"16":10,"17":10,"18":10,"19":10,"20":10,"21":10,"22":10,"23":10,"24":1,"25":1,"26":1,"27":1,"28":3,"29":3,"30":0,"31":3,"32":3,"33":0,"34":0,"35":0,"36":1},"f":{"0":10,"1":10,"2":10,"3":10,"4":1,"5":1,"6":3,"7":0},"b":{"0":[0]}}
,"/Users/mickey/Development/ExecEnv/klaster-sdk/src/node.service.ts": {"path":"/Users/mickey/Development/ExecEnv/klaster-sdk/src/node.service.ts","statementMap":{"0":{"start":{"line":9,"column":0},"end":{"line":9,"column":45}},"1":{"start":{"line":10,"column":0},"end":{"line":10,"column":56}},"2":{"start":{"line":29,"column":4},"end":{"line":29,"column":27}},"3":{"start":{"line":30,"column":4},"end":{"line":32,"column":7}},"4":{"start":{"line":45,"column":22},"end":{"line":47,"column":6}},"5":{"start":{"line":46,"column":6},"end":{"line":46,"column":63}},"6":{"start":{"line":48,"column":4},"end":{"line":60,"column":5}},"7":{"start":{"line":49,"column":23},"end":{"line":55,"column":8}},"8":{"start":{"line":57,"column":6},"end":{"line":57,"column":44}},"9":{"start":{"line":59,"column":6},"end":{"line":59,"column":44}},"10":{"start":{"line":73,"column":17},"end":{"line":73,"column":63}},"11":{"start":{"line":74,"column":4},"end":{"line":79,"column":5}},"12":{"start":{"line":75,"column":23},"end":{"line":75,"column":65}},"13":{"start":{"line":76,"column":6},"end":{"line":76,"column":27}},"14":{"start":{"line":78,"column":6},"end":{"line":78,"column":44}},"15":{"start":{"line":93,"column":4},"end":{"line":98,"column":5}},"16":{"start":{"line":94,"column":23},"end":{"line":94,"column":79}},"17":{"start":{"line":95,"column":6},"end":{"line":95,"column":34}},"18":{"start":{"line":97,"column":6},"end":{"line":97,"column":44}},"19":{"start":{"line":110,"column":4},"end":{"line":115,"column":5}},"20":{"start":{"line":111,"column":23},"end":{"line":111,"column":64}},"21":{"start":{"line":112,"column":6},"end":{"line":112,"column":48}},"22":{"start":{"line":114,"column":6},"end":{"line":114,"column":44}},"23":{"start":{"line":19,"column":0},"end":{"line":19,"column":13}}},"fnMap":{"0":{"name":"(anonymous_1)","decl":{"start":{"line":28,"column":2},"end":{"line":28,"column":14}},"loc":{"start":{"line":28,"column":29},"end":{"line":33,"column":3}}},"1":{"name":"(anonymous_2)","decl":{"start":{"line":44,"column":2},"end":{"line":44,"column":7}},"loc":{"start":{"line":44,"column":63},"end":{"line":61,"column":3}}},"2":{"name":"(anonymous_3)","decl":{"start":{"line":45,"column":34},"end":{"line":45,"column":35}},"loc":{"start":{"line":45,"column":45},"end":{"line":47,"column":5}}},"3":{"name":"(anonymous_4)","decl":{"start":{"line":72,"column":2},"end":{"line":72,"column":7}},"loc":{"start":{"line":72,"column":66},"end":{"line":80,"column":3}}},"4":{"name":"(anonymous_5)","decl":{"start":{"line":92,"column":2},"end":{"line":92,"column":7}},"loc":{"start":{"line":92,"column":52},"end":{"line":99,"column":3}}},"5":{"name":"(anonymous_6)","decl":{"start":{"line":109,"column":2},"end":{"line":109,"column":7}},"loc":{"start":{"line":109,"column":33},"end":{"line":116,"column":3}}}},"branchMap":{},"s":{"0":1,"1":1,"2":10,"3":10,"4":2,"5":3,"6":2,"7":2,"8":2,"9":0,"10":0,"11":0,"12":0,"13":0,"14":0,"15":12,"16":12,"17":12,"18":0,"19":0,"20":0,"21":0,"22":0,"23":1},"f":{"0":10,"1":2,"2":3,"3":0,"4":12,"5":0},"b":{}}
,"/Users/mickey/Development/ExecEnv/klaster-sdk/src/utils/chains.service.ts": {"path":"/Users/mickey/Development/ExecEnv/klaster-sdk/src/utils/chains.service.ts","statementMap":{"0":{"start":{"line":119,"column":0},"end":{"line":119,"column":16}},"1":{"start":{"line":123,"column":0},"end":{"line":123,"column":16}},"2":{"start":{"line":1,"column":0},"end":{"line":1,"column":null}},"3":{"start":{"line":13,"column":0},"end":{"line":13,"column":59}},"4":{"start":{"line":19,"column":4},"end":{"line":19,"column":39}},"5":{"start":{"line":30,"column":4},"end":{"line":35,"column":null}},"6":{"start":{"line":31,"column":6},"end":{"line":34,"column":7}},"7":{"start":{"line":31,"column":42},"end":{"line":31,"column":77}},"8":{"start":{"line":32,"column":8},"end":{"line":33,"column":null}},"9":{"start":{"line":39,"column":25},"end":{"line":40,"column":null}},"10":{"start":{"line":40,"column":6},"end":{"line":40,"column":91}},"11":{"start":{"line":40,"column":38},"end":{"line":40,"column":76}},"12":{"start":{"line":44,"column":27},"end":{"line":66,"column":8}},"13":{"start":{"line":46,"column":22},"end":{"line":46,"column":56}},"14":{"start":{"line":47,"column":8},"end":{"line":50,"column":11}},"15":{"start":{"line":53,"column":29},"end":{"line":54,"column":78}},"16":{"start":{"line":54,"column":30},"end":{"line":54,"column":68}},"17":{"start":{"line":55,"column":8},"end":{"line":57,"column":9}},"18":{"start":{"line":56,"column":10},"end":{"line":56,"column":null}},"19":{"start":{"line":58,"column":8},"end":{"line":65,"column":10}},"20":{"start":{"line":69,"column":20},"end":{"line":84,"column":null}},"21":{"start":{"line":71,"column":8},"end":{"line":83,"column":9}},"22":{"start":{"line":72,"column":26},"end":{"line":72,"column":73}},"23":{"start":{"line":73,"column":27},"end":{"line":73,"column":64}},"24":{"start":{"line":74,"column":10},"end":{"line":78,"column":12}},"25":{"start":{"line":80,"column":10},"end":{"line":82,"column":null}},"26":{"start":{"line":87,"column":4},"end":{"line":89,"column":5}},"27":{"start":{"line":88,"column":6},"end":{"line":88,"column":null}},"28":{"start":{"line":91,"column":24},"end":{"line":107,"column":8}},"29":{"start":{"line":93,"column":8},"end":{"line":96,"column":10}},"30":{"start":{"line":99,"column":8},"end":{"line":102,"column":9}},"31":{"start":{"line":100,"column":10},"end":{"line":101,"column":88}},"32":{"start":{"line":103,"column":8},"end":{"line":106,"column":10}},"33":{"start":{"line":110,"column":4},"end":{"line":114,"column":null}},"34":{"start":{"line":113,"column":8},"end":{"line":113,"column":57}},"35":{"start":{"line":15,"column":0},"end":{"line":15,"column":13}},"36":{"start":{"line":120,"column":2},"end":{"line":120,"column":38}},"37":{"start":{"line":124,"column":2},"end":{"line":127,"column":null}}},"fnMap":{"0":{"name":"(anonymous_0)","decl":{"start":{"line":18,"column":2},"end":{"line":18,"column":14}},"loc":{"start":{"line":18,"column":43},"end":{"line":20,"column":3}}},"1":{"name":"(anonymous_1)","decl":{"start":{"line":22,"column":2},"end":{"line":22,"column":7}},"loc":{"start":{"line":28,"column":3},"end":{"line":116,"column":3}}},"2":{"name":"(anonymous_2)","decl":{"start":{"line":30,"column":25},"end":{"line":30,"column":35}},"loc":{"start":{"line":30,"column":38},"end":{"line":35,"column":5}}},"3":{"name":"(anonymous_3)","decl":{"start":{"line":31,"column":34},"end":{"line":31,"column":38}},"loc":{"start":{"line":31,"column":42},"end":{"line":31,"column":77}}},"4":{"name":"(anonymous_4)","decl":{"start":{"line":39,"column":51},"end":{"line":39,"column":58}},"loc":{"start":{"line":40,"column":6},"end":{"line":40,"column":91}}},"5":{"name":"(anonymous_5)","decl":{"start":{"line":40,"column":24},"end":{"line":40,"column":34}},"loc":{"start":{"line":40,"column":38},"end":{"line":40,"column":76}}},"6":{"name":"(anonymous_6)","decl":{"start":{"line":45,"column":11},"end":{"line":45,"column":12}},"loc":{"start":{"line":45,"column":35},"end":{"line":51,"column":7}}},"7":{"name":"(anonymous_7)","decl":{"start":{"line":52,"column":11},"end":{"line":52,"column":12}},"loc":{"start":{"line":52,"column":22},"end":{"line":66,"column":7}}},"8":{"name":"(anonymous_8)","decl":{"start":{"line":54,"column":16},"end":{"line":54,"column":26}},"loc":{"start":{"line":54,"column":30},"end":{"line":54,"column":68}}},"9":{"name":"(anonymous_9)","decl":{"start":{"line":70,"column":25},"end":{"line":70,"column":30}},"loc":{"start":{"line":70,"column":42},"end":{"line":84,"column":7}}},"10":{"name":"(anonymous_10)","decl":{"start":{"line":92,"column":11},"end":{"line":92,"column":12}},"loc":{"start":{"line":92,"column":22},"end":{"line":97,"column":7}}},"11":{"name":"(anonymous_11)","decl":{"start":{"line":98,"column":14},"end":{"line":98,"column":15}},"loc":{"start":{"line":98,"column":28},"end":{"line":107,"column":7}}},"12":{"name":"(anonymous_12)","decl":{"start":{"line":112,"column":29},"end":{"line":112,"column":30}},"loc":{"start":{"line":112,"column":35},"end":{"line":114,"column":7}}},"13":{"name":"buildMultichainReadonlyClient","decl":{"start":{"line":119,"column":16},"end":{"line":119,"column":45}},"loc":{"start":{"line":119,"column":68},"end":{"line":121,"column":1}}},"14":{"name":"buildRpcInfo","decl":{"start":{"line":123,"column":16},"end":{"line":123,"column":28}},"loc":{"start":{"line":123,"column":60},"end":{"line":128,"column":1}}}},"branchMap":{"0":{"loc":{"start":{"line":31,"column":6},"end":{"line":34,"column":7}},"type":"if","locations":[{"start":{"line":31,"column":6},"end":{"line":34,"column":7}}]},"1":{"loc":{"start":{"line":53,"column":29},"end":{"line":54,"column":78}},"type":"cond-expr","locations":[{"start":{"line":54,"column":69},"end":{"line":54,"column":71}},{"start":{"line":54,"column":69},"end":{"line":54,"column":78}}]},"2":{"loc":{"start":{"line":53,"column":29},"end":{"line":54,"column":71}},"type":"binary-expr","locations":[{"start":{"line":53,"column":29},"end":{"line":54,"column":71}},{"start":{"line":54,"column":69},"end":{"line":54,"column":71}}]},"3":{"loc":{"start":{"line":55,"column":8},"end":{"line":57,"column":9}},"type":"if","locations":[{"start":{"line":55,"column":8},"end":{"line":57,"column":9}}]},"4":{"loc":{"start":{"line":87,"column":4},"end":{"line":89,"column":5}},"type":"if","locations":[{"start":{"line":87,"column":4},"end":{"line":89,"column":5}}]},"5":{"loc":{"start":{"line":99,"column":8},"end":{"line":102,"column":9}},"type":"if","locations":[{"start":{"line":99,"column":8},"end":{"line":102,"column":9}}]}},"s":{"0":1,"1":1,"2":1,"3":1,"4":10,"5":3,"6":13,"7":34,"8":1,"9":2,"10":8,"11":20,"12":2,"13":8,"14":8,"15":8,"16":20,"17":8,"18":0,"19":8,"20":2,"21":8,"22":8,"23":4,"24":4,"25":4,"26":1,"27":0,"28":1,"29":4,"30":3,"31":0,"32":3,"33":1,"34":4,"35":1,"36":10,"37":0},"f":{"0":10,"1":3,"2":13,"3":34,"4":8,"5":20,"6":8,"7":8,"8":20,"9":8,"10":4,"11":3,"12":4,"13":10,"14":0},"b":{"0":[1],"1":[0,8],"2":[8,8],"3":[0],"4":[0],"5":[0]}}
,"/Users/mickey/Development/ExecEnv/klaster-sdk/src/utils/custom-chain.service.ts": {"path":"/Users/mickey/Development/ExecEnv/klaster-sdk/src/utils/custom-chain.service.ts","statementMap":{"0":{"start":{"line":3,"column":0},"end":{"line":3,"column":16}},"1":{"start":{"line":1,"column":0},"end":{"line":1,"column":42}},"2":{"start":{"line":4,"column":2},"end":{"line":17,"column":5}}},"fnMap":{"0":{"name":"defineCustomChain","decl":{"start":{"line":3,"column":16},"end":{"line":3,"column":33}},"loc":{"start":{"line":3,"column":65},"end":{"line":18,"column":1}}}},"branchMap":{},"s":{"0":1,"1":1,"2":8},"f":{"0":8},"b":{}}
,"/Users/mickey/Development/ExecEnv/klaster-sdk/src/utils/encoding.service.ts": {"path":"/Users/mickey/Development/ExecEnv/klaster-sdk/src/utils/encoding.service.ts","statementMap":{"0":{"start":{"line":1,"column":0},"end":{"line":1,"column":51}},"1":{"start":{"line":3,"column":0},"end":{"line":3,"column":47}},"2":{"start":{"line":41,"column":22},"end":{"line":41,"column":35}},"3":{"start":{"line":43,"column":17},"end":{"line":47,"column":6}},"4":{"start":{"line":49,"column":4},"end":{"line":55,"column":6}},"5":{"start":{"line":89,"column":17},"end":{"line":97,"column":6}},"6":{"start":{"line":93,"column":24},"end":{"line":93,"column":29}},"7":{"start":{"line":94,"column":24},"end":{"line":94,"column":46}},"8":{"start":{"line":95,"column":24},"end":{"line":95,"column":47}},"9":{"start":{"line":99,"column":21},"end":{"line":103,"column":8}},"10":{"start":{"line":100,"column":19},"end":{"line":100,"column":38}},"11":{"start":{"line":102,"column":8},"end":{"line":102,"column":21}},"12":{"start":{"line":105,"column":4},"end":{"line":111,"column":6}},"13":{"start":{"line":13,"column":0},"end":{"line":13,"column":13}}},"fnMap":{"0":{"name":"(anonymous_0)","decl":{"start":{"line":35,"column":2},"end":{"line":35,"column":8}},"loc":{"start":{"line":39,"column":16},"end":{"line":56,"column":3}}},"1":{"name":"(anonymous_1)","decl":{"start":{"line":82,"column":2},"end":{"line":82,"column":8}},"loc":{"start":{"line":86,"column":16},"end":{"line":112,"column":3}}},"2":{"name":"(anonymous_2)","decl":{"start":{"line":93,"column":16},"end":{"line":93,"column":17}},"loc":{"start":{"line":93,"column":24},"end":{"line":93,"column":29}}},"3":{"name":"(anonymous_3)","decl":{"start":{"line":94,"column":16},"end":{"line":94,"column":17}},"loc":{"start":{"line":94,"column":23},"end":{"line":94,"column":46}}},"4":{"name":"(anonymous_4)","decl":{"start":{"line":95,"column":16},"end":{"line":95,"column":17}},"loc":{"start":{"line":95,"column":23},"end":{"line":95,"column":47}}},"5":{"name":"(anonymous_5)","decl":{"start":{"line":100,"column":11},"end":{"line":100,"column":12}},"loc":{"start":{"line":100,"column":19},"end":{"line":100,"column":38}}},"6":{"name":"(anonymous_6)","decl":{"start":{"line":101,"column":14},"end":{"line":101,"column":15}},"loc":{"start":{"line":101,"column":23},"end":{"line":103,"column":7}}}},"branchMap":{"0":{"loc":{"start":{"line":41,"column":22},"end":{"line":41,"column":35}},"type":"cond-expr","locations":[{"start":{"line":41,"column":29},"end":{"line":41,"column":33}},{"start":{"line":41,"column":33},"end":{"line":41,"column":35}}]},"1":{"loc":{"start":{"line":41,"column":22},"end":{"line":41,"column":33}},"type":"binary-expr","locations":[{"start":{"line":41,"column":22},"end":{"line":41,"column":33}},{"start":{"line":41,"column":29},"end":{"line":41,"column":33}}]},"2":{"loc":{"start":{"line":46,"column":20},"end":{"line":46,"column":41}},"type":"cond-expr","locations":[{"start":{"line":46,"column":28},"end":{"line":46,"column":32}},{"start":{"line":46,"column":32},"end":{"line":46,"column":41}}]},"3":{"loc":{"start":{"line":46,"column":20},"end":{"line":46,"column":32}},"type":"binary-expr","locations":[{"start":{"line":46,"column":20},"end":{"line":46,"column":32}},{"start":{"line":46,"column":28},"end":{"line":46,"column":32}}]},"4":{"loc":{"start":{"line":94,"column":24},"end":{"line":94,"column":45}},"type":"cond-expr","locations":[{"start":{"line":94,"column":32},"end":{"line":94,"column":36}},{"start":{"line":94,"column":36},"end":{"line":94,"column":45}}]},"5":{"loc":{"start":{"line":94,"column":24},"end":{"line":94,"column":36}},"type":"binary-expr","locations":[{"start":{"line":94,"column":24},"end":{"line":94,"column":36}},{"start":{"line":94,"column":32},"end":{"line":94,"column":36}}]},"6":{"loc":{"start":{"line":95,"column":25},"end":{"line":95,"column":38}},"type":"cond-expr","locations":[{"start":{"line":95,"column":32},"end":{"line":95,"column":36}},{"start":{"line":95,"column":36},"end":{"line":95,"column":38}}]},"7":{"loc":{"start":{"line":95,"column":25},"end":{"line":95,"column":36}},"type":"binary-expr","locations":[{"start":{"line":95,"column":25},"end":{"line":95,"column":36}},{"start":{"line":95,"column":32},"end":{"line":95,"column":36}}]}},"s":{"0":1,"1":1,"2":2,"3":2,"4":2,"5":1,"6":2,"7":2,"8":2,"9":1,"10":2,"11":1,"12":1,"13":1},"f":{"0":2,"1":1,"2":2,"3":2,"4":2,"5":2,"6":1},"b":{"0":[0,2],"1":[2,2],"2":[2,0],"3":[2,2],"4":[2,0],"5":[2,2],"6":[0,2],"7":[2,2]}}
,"/Users/mickey/Development/ExecEnv/klaster-sdk/src/utils/itx.service.ts": {"path":"/Users/mickey/Development/ExecEnv/klaster-sdk/src/utils/itx.service.ts","statementMap":{"0":{"start":{"line":7,"column":0},"end":{"line":7,"column":16}},"1":{"start":{"line":11,"column":0},"end":{"line":11,"column":16}},"2":{"start":{"line":27,"column":0},"end":{"line":27,"column":16}},"3":{"start":{"line":43,"column":0},"end":{"line":43,"column":16}},"4":{"start":{"line":8,"column":2},"end":{"line":8,"column":13}},"5":{"start":{"line":19,"column":2},"end":{"line":24,"column":4}},"6":{"start":{"line":35,"column":2},"end":{"line":40,"column":4}},"7":{"start":{"line":44,"column":2},"end":{"line":44,"column":12}}},"fnMap":{"0":{"name":"buildItx","decl":{"start":{"line":7,"column":16},"end":{"line":7,"column":24}},"loc":{"start":{"line":7,"column":51},"end":{"line":9,"column":1}}},"1":{"name":"batchTx","decl":{"start":{"line":11,"column":16},"end":{"line":11,"column":23}},"loc":{"start":{"line":17,"column":3},"end":{"line":25,"column":1}}},"2":{"name":"singleTx","decl":{"start":{"line":27,"column":16},"end":{"line":27,"column":24}},"loc":{"start":{"line":33,"column":3},"end":{"line":41,"column":1}}},"3":{"name":"rawTx","decl":{"start":{"line":43,"column":16},"end":{"line":43,"column":21}},"loc":{"start":{"line":43,"column":40},"end":{"line":45,"column":1}}}},"branchMap":{"0":{"loc":{"start":{"line":22,"column":20},"end":{"line":22,"column":43}},"type":"cond-expr","locations":[{"start":{"line":22,"column":27},"end":{"line":22,"column":29}},{"start":{"line":22,"column":20},"end":{"line":22,"column":43}}]},"1":{"loc":{"start":{"line":22,"column":20},"end":{"line":22,"column":29}},"type":"binary-expr","locations":[{"start":{"line":22,"column":20},"end":{"line":22,"column":29}},{"start":{"line":22,"column":20},"end":{"line":22,"column":29}}]},"2":{"loc":{"start":{"line":23,"column":20},"end":{"line":23,"column":43}},"type":"cond-expr","locations":[{"start":{"line":23,"column":27},"end":{"line":23,"column":29}},{"start":{"line":23,"column":20},"end":{"line":23,"column":43}}]},"3":{"loc":{"start":{"line":23,"column":20},"end":{"line":23,"column":29}},"type":"binary-expr","locations":[{"start":{"line":23,"column":20},"end":{"line":23,"column":29}},{"start":{"line":23,"column":20},"end":{"line":23,"column":29}}]},"4":{"loc":{"start":{"line":38,"column":20},"end":{"line":38,"column":43}},"type":"cond-expr","locations":[{"start":{"line":38,"column":27},"end":{"line":38,"column":29}},{"start":{"line":38,"column":20},"end":{"line":38,"column":43}}]},"5":{"loc":{"start":{"line":38,"column":20},"end":{"line":38,"column":29}},"type":"binary-expr","locations":[{"start":{"line":38,"column":20},"end":{"line":38,"column":29}},{"start":{"line":38,"column":20},"end":{"line":38,"column":29}}]},"6":{"loc":{"start":{"line":39,"column":20},"end":{"line":39,"column":43}},"type":"cond-expr","locations":[{"start":{"line":39,"column":27},"end":{"line":39,"column":29}},{"start":{"line":39,"column":20},"end":{"line":39,"column":43}}]},"7":{"loc":{"start":{"line":39,"column":20},"end":{"line":39,"column":29}},"type":"binary-expr","locations":[{"start":{"line":39,"column":20},"end":{"line":39,"column":29}},{"start":{"line":39,"column":20},"end":{"line":39,"column":29}}]}},"s":{"0":1,"1":1,"2":1,"3":1,"4":3,"5":4,"6":3,"7":7},"f":{"0":3,"1":4,"2":3,"3":7},"b":{"0":[4,0],"1":[4,4],"2":[4,0],"3":[4,4],"4":[3,0],"5":[3,3],"6":[3,0],"7":[3,3]}}
,"/Users/mickey/Development/ExecEnv/klaster-sdk/src/utils/salt.service.ts": {"path":"/Users/mickey/Development/ExecEnv/klaster-sdk/src/utils/salt.service.ts","statementMap":{"0":{"start":{"line":18,"column":4},"end":{"line":18,"column":15}},"1":{"start":{"line":34,"column":4},"end":{"line":34,"column":24}},"2":{"start":{"line":7,"column":0},"end":{"line":7,"column":13}}},"fnMap":{"0":{"name":"(anonymous_0)","decl":{"start":{"line":17,"column":9},"end":{"line":17,"column":15}},"loc":{"start":{"line":17,"column":28},"end":{"line":19,"column":3}}},"1":{"name":"(anonymous_1)","decl":{"start":{"line":33,"column":9},"end":{"line":33,"column":15}},"loc":{"start":{"line":33,"column":35},"end":{"line":35,"column":3}}}},"branchMap":{},"s":{"0":10,"1":1,"2":1},"f":{"0":10,"1":1},"b":{}}
,"/Users/mickey/Development/ExecEnv/klaster-sdk/src/utils/token-mapping.service.ts": {"path":"/Users/mickey/Development/ExecEnv/klaster-sdk/src/utils/token-mapping.service.ts","statementMap":{"0":{"start":{"line":4,"column":0},"end":{"line":4,"column":16}},"1":{"start":{"line":8,"column":0},"end":{"line":8,"column":16}},"2":{"start":{"line":19,"column":0},"end":{"line":19,"column":16}},"3":{"start":{"line":5,"column":2},"end":{"line":5,"column":null}},"4":{"start":{"line":5,"column":41},"end":{"line":5,"column":71}},"5":{"start":{"line":9,"column":42},"end":{"line":9,"column":44}},"6":{"start":{"line":11,"column":2},"end":{"line":16,"column":null}},"7":{"start":{"line":12,"column":4},"end":{"line":15,"column":null}},"8":{"start":{"line":20,"column":2},"end":{"line":23,"column":null}}},"fnMap":{"0":{"name":"getTokenAddressForChainId","decl":{"start":{"line":4,"column":16},"end":{"line":4,"column":41}},"loc":{"start":{"line":4,"column":95},"end":{"line":6,"column":1}}},"1":{"name":"(anonymous_1)","decl":{"start":{"line":5,"column":27},"end":{"line":5,"column":37}},"loc":{"start":{"line":5,"column":41},"end":{"line":5,"column":71}}},"2":{"name":"buildTokenMapping","decl":{"start":{"line":8,"column":16},"end":{"line":8,"column":33}},"loc":{"start":{"line":8,"column":53},"end":{"line":17,"column":1}}},"3":{"name":"(anonymous_3)","decl":{"start":{"line":11,"column":20},"end":{"line":11,"column":25}},"loc":{"start":{"line":11,"column":28},"end":{"line":16,"column":3}}},"4":{"name":"deployment","decl":{"start":{"line":19,"column":16},"end":{"line":19,"column":26}},"loc":{"start":{"line":19,"column":60},"end":{"line":24,"column":1}}}},"branchMap":{"0":{"loc":{"start":{"line":5,"column":9},"end":{"line":5,"column":81}},"type":"cond-expr","locations":[{"start":{"line":5,"column":72},"end":{"line":5,"column":74}},{"start":{"line":5,"column":72},"end":{"line":5,"column":81}}]},"1":{"loc":{"start":{"line":5,"column":9},"end":{"line":5,"column":74}},"type":"binary-expr","locations":[{"start":{"line":5,"column":9},"end":{"line":5,"column":74}},{"start":{"line":5,"column":72},"end":{"line":5,"column":74}}]}},"s":{"0":1,"1":1,"2":1,"3":7,"4":18,"5":10,"6":10,"7":40,"8":41},"f":{"0":7,"1":18,"2":10,"3":40,"4":41},"b":{"0":[0,7],"1":[7,7]}}
,"/Users/mickey/Development/ExecEnv/klaster-sdk/src/utils/constants/node-url.constants.ts": {"path":"/Users/mickey/Development/ExecEnv/klaster-sdk/src/utils/constants/node-url.constants.ts","statementMap":{"0":{"start":{"line":1,"column":13},"end":{"line":3,"column":null}}},"fnMap":{},"branchMap":{},"s":{"0":1},"f":{},"b":{}}
,"/Users/mickey/Development/ExecEnv/klaster-sdk/src/utils/token-utils/erc20-encoder.service.ts": {"path":"/Users/mickey/Development/ExecEnv/klaster-sdk/src/utils/token-utils/erc20-encoder.service.ts","statementMap":{"0":{"start":{"line":5,"column":0},"end":{"line":5,"column":16}},"1":{"start":{"line":1,"column":0},"end":{"line":1,"column":61}},"2":{"start":{"line":3,"column":0},"end":{"line":3,"column":39}},"3":{"start":{"line":15,"column":2},"end":{"line":24,"column":null}}},"fnMap":{"0":{"name":"encodeApproveTx","decl":{"start":{"line":5,"column":16},"end":{"line":5,"column":31}},"loc":{"start":{"line":13,"column":1},"end":{"line":25,"column":1}}}},"branchMap":{},"s":{"0":1,"1":1,"2":1,"3":1},"f":{"0":1},"b":{}}
,"/Users/mickey/Development/ExecEnv/klaster-sdk/src/utils/token-utils/token-resolver.service.ts": {"path":"/Users/mickey/Development/ExecEnv/klaster-sdk/src/utils/token-utils/token-resolver.service.ts","statementMap":{"0":{"start":{"line":115,"column":0},"end":{"line":115,"column":16}},"1":{"start":{"line":1,"column":0},"end":{"line":1,"column":26}},"2":{"start":{"line":33,"column":12},"end":{"line":33,"column":29}},"3":{"start":{"line":26,"column":10},"end":{"line":26,"column":42}},"4":{"start":{"line":42,"column":4},"end":{"line":48,"column":5}},"5":{"start":{"line":43,"column":23},"end":{"line":43,"column":64}},"6":{"start":{"line":44,"column":6},"end":{"line":44,"column":32}},"7":{"start":{"line":46,"column":6},"end":{"line":46,"column":51}},"8":{"start":{"line":47,"column":6},"end":{"line":47,"column":18}},"9":{"start":{"line":61,"column":27},"end":{"line":62,"column":null}},"10":{"start":{"line":62,"column":13},"end":{"line":62,"column":45}},"11":{"start":{"line":65,"column":4},"end":{"line":68,"column":5}},"12":{"start":{"line":66,"column":6},"end":{"line":67,"column":21}},"13":{"start":{"line":69,"column":18},"end":{"line":70,"column":null}},"14":{"start":{"line":70,"column":13},"end":{"line":70,"column":60}},"15":{"start":{"line":72,"column":4},"end":{"line":76,"column":5}},"16":{"start":{"line":73,"column":6},"end":{"line":75,"column":8}},"17":{"start":{"line":77,"column":4},"end":{"line":77,"column":null}},"18":{"start":{"line":81,"column":16},"end":{"line":81,"column":39}},"19":{"start":{"line":82,"column":0},"end":{"line":82,"column":15}},"20":{"start":{"line":116,"column":2},"end":{"line":116,"column":47}}},"fnMap":{"0":{"name":"(anonymous_1)","decl":{"start":{"line":32,"column":2},"end":{"line":32,"column":null}},"loc":{"start":{"line":33,"column":68},"end":{"line":34,"column":6}}},"1":{"name":"(anonymous_2)","decl":{"start":{"line":41,"column":2},"end":{"line":41,"column":7}},"loc":{"start":{"line":41,"column":12},"end":{"line":49,"column":3}}},"2":{"name":"(anonymous_3)","decl":{"start":{"line":60,"column":2},"end":{"line":60,"column":14}},"loc":{"start":{"line":60,"column":46},"end":{"line":78,"column":3}}},"3":{"name":"(anonymous_4)","decl":{"start":{"line":62,"column":6},"end":{"line":62,"column":7}},"loc":{"start":{"line":62,"column":13},"end":{"line":62,"column":45}}},"4":{"name":"(anonymous_5)","decl":{"start":{"line":70,"column":6},"end":{"line":70,"column":7}},"loc":{"start":{"line":70,"column":13},"end":{"line":70,"column":60}}},"5":{"name":"resolveToken","decl":{"start":{"line":115,"column":16},"end":{"line":115,"column":28}},"loc":{"start":{"line":115,"column":72},"end":{"line":117,"column":1}}}},"branchMap":{"0":{"loc":{"start":{"line":33,"column":12},"end":{"line":33,"column":68}},"type":"default-arg","locations":[{"start":{"line":33,"column":29},"end":{"line":33,"column":68}}]},"1":{"loc":{"start":{"line":61,"column":27},"end":{"line":62,"column":null}},"type":"cond-expr","locations":[{"start":{"line":61,"column":36},"end":{"line":61,"column":38}},{"start":{"line":61,"column":36},"end":{"line":62,"column":null}}]},"2":{"loc":{"start":{"line":61,"column":27},"end":{"line":61,"column":38}},"type":"binary-expr","locations":[{"start":{"line":61,"column":27},"end":{"line":61,"column":38}},{"start":{"line":61,"column":36},"end":{"line":61,"column":38}}]},"3":{"loc":{"start":{"line":65,"column":4},"end":{"line":68,"column":5}},"type":"if","locations":[{"start":{"line":65,"column":4},"end":{"line":68,"column":5}}]},"4":{"loc":{"start":{"line":72,"column":4},"end":{"line":76,"column":5}},"type":"if","locations":[{"start":{"line":72,"column":4},"end":{"line":76,"column":5}}]}},"s":{"0":1,"1":1,"2":1,"3":1,"4":1,"5":1,"6":1,"7":0,"8":0,"9":3,"10":6,"11":3,"12":0,"13":3,"14":12,"15":3,"16":0,"17":3,"18":1,"19":1,"20":3},"f":{"0":1,"1":1,"2":3,"3":6,"4":12,"5":3},"b":{"0":[1],"1":[0,3],"2":[3,3],"3":[0],"4":[0]}}
,"/Users/mickey/Development/ExecEnv/klaster-sdk/src/utils/token-utils/token-utilization-strategy.service.ts": {"path":"/Users/mickey/Development/ExecEnv/klaster-sdk/src/utils/token-utils/token-utilization-strategy.service.ts","statementMap":{"0":{"start":{"line":131,"column":0},"end":{"line":131,"column":7}},"1":{"start":{"line":196,"column":0},"end":{"line":196,"column":7}},"2":{"start":{"line":224,"column":0},"end":{"line":224,"column":16}},"3":{"start":{"line":12,"column":0},"end":{"line":12,"column":69}},"4":{"start":{"line":19,"column":24},"end":{"line":19,"column":30}},"5":{"start":{"line":20,"column":49},"end":{"line":20,"column":51}},"6":{"start":{"line":22,"column":2},"end":{"line":30,"column":3}},"7":{"start":{"line":23,"column":4},"end":{"line":23,"column":44}},"8":{"start":{"line":23,"column":38},"end":{"line":23,"column":44}},"9":{"start":{"line":24,"column":4},"end":{"line":29,"column":5}},"10":{"start":{"line":26,"column":8},"end":{"line":26,"column":62}},"11":{"start":{"line":27,"column":6},"end":{"line":27,"column":52}},"12":{"start":{"line":28,"column":6},"end":{"line":28,"column":37}},"13":{"start":{"line":32,"column":2},"end":{"line":34,"column":3}},"14":{"start":{"line":33,"column":4},"end":{"line":33,"column":16}},"15":{"start":{"line":36,"column":2},"end":{"line":36,"column":16}},"16":{"start":{"line":57,"column":4},"end":{"line":57,"column":23}},"17":{"start":{"line":58,"column":4},"end":{"line":58,"column":37}},"18":{"start":{"line":59,"column":4},"end":{"line":59,"column":39}},"19":{"start":{"line":60,"column":4},"end":{"line":60,"column":27}},"20":{"start":{"line":61,"column":4},"end":{"line":61,"column":59}},"21":{"start":{"line":62,"column":4},"end":{"line":62,"column":49}},"22":{"start":{"line":63,"column":4},"end":{"line":63,"column":null}},"23":{"start":{"line":69,"column":4},"end":{"line":72,"column":5}},"24":{"start":{"line":70,"column":6},"end":{"line":71,"column":104}},"25":{"start":{"line":75,"column":4},"end":{"line":80,"column":5}},"26":{"start":{"line":76,"column":6},"end":{"line":79,"column":null}},"27":{"start":{"line":82,"column":29},"end":{"line":82,"column":98}},"28":{"start":{"line":83,"column":4},"end":{"line":85,"column":5}},"29":{"start":{"line":84,"column":6},"end":{"line":84,"column":null}},"30":{"start":{"line":87,"column":24},"end":{"line":109,"column":null}},"31":{"start":{"line":91,"column":10},"end":{"line":91,"column":53}},"32":{"start":{"line":94,"column":30},"end":{"line":94,"column":83}},"33":{"start":{"line":95,"column":10},"end":{"line":99,"column":11}},"34":{"start":{"line":96,"column":12},"end":{"line":98,"column":14}},"35":{"start":{"line":101,"column":10},"end":{"line":108,"column":13}},"36":{"start":{"line":113,"column":6},"end":{"line":121,"column":14}},"37":{"start":{"line":117,"column":14},"end":{"line":117,"column":58}},"38":{"start":{"line":120,"column":14},"end":{"line":120,"column":32}},"39":{"start":{"line":123,"column":4},"end":{"line":127,"column":6}},"40":{"start":{"line":124,"column":36},"end":{"line":124,"column":45}},"41":{"start":{"line":39,"column":0},"end":{"line":39,"column":13}},"42":{"start":{"line":148,"column":18},"end":{"line":151,"column":4}},"43":{"start":{"line":152,"column":19},"end":{"line":152,"column":36}},"44":{"start":{"line":154,"column":2},"end":{"line":156,"column":3}},"45":{"start":{"line":155,"column":4},"end":{"line":155,"column":null}},"46":{"start":{"line":158,"column":27},"end":{"line":158,"column":91}},"47":{"start":{"line":158,"column":52},"end":{"line":158,"column":90}},"48":{"start":{"line":159,"column":2},"end":{"line":162,"column":3}},"49":{"start":{"line":160,"column":4},"end":{"line":161,"column":null}},"50":{"start":{"line":161,"column":46},"end":{"line":161,"column":75}},"51":{"start":{"line":164,"column":31},"end":{"line":165,"column":null}},"52":{"start":{"line":165,"column":17},"end":{"line":165,"column":55}},"53":{"start":{"line":169,"column":25},"end":{"line":171,"column":4}},"54":{"start":{"line":170,"column":4},"end":{"line":170,"column":40}},"55":{"start":{"line":174,"column":32},"end":{"line":182,"column":null}},"56":{"start":{"line":176,"column":6},"end":{"line":180,"column":null}},"57":{"start":{"line":185,"column":2},"end":{"line":193,"column":4}},"58":{"start":{"line":213,"column":19},"end":{"line":220,"column":4}},"59":{"start":{"line":221,"column":2},"end":{"line":221,"column":49}},"60":{"start":{"line":227,"column":2},"end":{"line":227,"column":17}}},"fnMap":{"0":{"name":"calculateTokenUtilizationStrategy","decl":{"start":{"line":15,"column":9},"end":{"line":15,"column":42}},"loc":{"start":{"line":17,"column":16},"end":{"line":37,"column":1}}},"1":{"name":"(anonymous_1)","decl":{"start":{"line":48,"column":2},"end":{"line":48,"column":null}},"loc":{"start":{"line":55,"column":23},"end":{"line":64,"column":3}}},"2":{"name":"(anonymous_2)","decl":{"start":{"line":66,"column":2},"end":{"line":66,"column":7}},"loc":{"start":{"line":67,"column":47},"end":{"line":128,"column":3}}},"3":{"name":"(anonymous_3)","decl":{"start":{"line":90,"column":16},"end":{"line":90,"column":17}},"loc":{"start":{"line":90,"column":40},"end":{"line":92,"column":9}}},"4":{"name":"(anonymous_4)","decl":{"start":{"line":93,"column":13},"end":{"line":93,"column":18}},"loc":{"start":{"line":93,"column":43},"end":{"line":109,"column":9}}},"5":{"name":"(anonymous_5)","decl":{"start":{"line":116,"column":17},"end":{"line":116,"column":18}},"loc":{"start":{"line":116,"column":23},"end":{"line":118,"column":13}}},"6":{"name":"(anonymous_6)","decl":{"start":{"line":119,"column":20},"end":{"line":119,"column":21}},"loc":{"start":{"line":119,"column":34},"end":{"line":121,"column":13}}},"7":{"name":"(anonymous_7)","decl":{"start":{"line":124,"column":29},"end":{"line":124,"column":30}},"loc":{"start":{"line":124,"column":36},"end":{"line":124,"column":45}}},"8":{"name":"prepareStrategy","decl":{"start":{"line":131,"column":22},"end":{"line":131,"column":37}},"loc":{"start":{"line":145,"column":1},"end":{"line":194,"column":1}}},"9":{"name":"(anonymous_9)","decl":{"start":{"line":158,"column":41},"end":{"line":158,"column":48}},"loc":{"start":{"line":158,"column":52},"end":{"line":158,"column":90}}},"10":{"name":"(anonymous_10)","decl":{"start":{"line":161,"column":41},"end":{"line":161,"column":42}},"loc":{"start":{"line":161,"column":46},"end":{"line":161,"column":75}}},"11":{"name":"(anonymous_11)","decl":{"start":{"line":165,"column":4},"end":{"line":165,"column":5}},"loc":{"start":{"line":165,"column":17},"end":{"line":165,"column":55}}},"12":{"name":"(anonymous_12)","decl":{"start":{"line":169,"column":51},"end":{"line":169,"column":52}},"loc":{"start":{"line":169,"column":60},"end":{"line":171,"column":3}}},"13":{"name":"(anonymous_13)","decl":{"start":{"line":175,"column":23},"end":{"line":175,"column":36}},"loc":{"start":{"line":175,"column":39},"end":{"line":181,"column":5}}},"14":{"name":"calculateMultibridgeData","decl":{"start":{"line":196,"column":22},"end":{"line":196,"column":46}},"loc":{"start":{"line":212,"column":1},"end":{"line":222,"column":1}}},"15":{"name":"buildBridgingEncoder","decl":{"start":{"line":224,"column":16},"end":{"line":224,"column":36}},"loc":{"start":{"line":225,"column":30},"end":{"line":228,"column":1}}}},"branchMap":{"0":{"loc":{"start":{"line":23,"column":4},"end":{"line":23,"column":44}},"type":"if","locations":[{"start":{"line":23,"column":4},"end":{"line":23,"column":44}}]},"1":{"loc":{"start":{"line":24,"column":4},"end":{"line":29,"column":5}},"type":"if","locations":[{"start":{"line":24,"column":4},"end":{"line":29,"column":5}}]},"2":{"loc":{"start":{"line":26,"column":8},"end":{"line":26,"column":62}},"type":"cond-expr","locations":[{"start":{"line":26,"column":37},"end":{"line":26,"column":52}},{"start":{"line":26,"column":55},"end":{"line":26,"column":62}}]},"3":{"loc":{"start":{"line":32,"column":2},"end":{"line":34,"column":3}},"type":"if","locations":[{"start":{"line":32,"column":2},"end":{"line":34,"column":3}}]},"4":{"loc":{"start":{"line":69,"column":4},"end":{"line":72,"column":5}},"type":"if","locations":[{"start":{"line":69,"column":4},"end":{"line":72,"column":5}}]},"5":{"loc":{"start":{"line":75,"column":4},"end":{"line":80,"column":5}},"type":"if","locations":[{"start":{"line":75,"column":4},"end":{"line":80,"column":5}}]},"6":{"loc":{"start":{"line":83,"column":4},"end":{"line":85,"column":5}},"type":"if","locations":[{"start":{"line":83,"column":4},"end":{"line":85,"column":5}}]},"7":{"loc":{"start":{"line":95,"column":10},"end":{"line":99,"column":11}},"type":"if","locations":[{"start":{"line":95,"column":10},"end":{"line":99,"column":11}}]},"8":{"loc":{"start":{"line":113,"column":6},"end":{"line":121,"column":14}},"type":"cond-expr","locations":[{"start":{"line":114,"column":10},"end":{"line":114,"column":19}},{"start":{"line":115,"column":10},"end":{"line":121,"column":14}}]},"9":{"loc":{"start":{"line":117,"column":21},"end":{"line":117,"column":57}},"type":"cond-expr","locations":[{"start":{"line":117,"column":44},"end":{"line":117,"column":48}},{"start":{"line":117,"column":48},"end":{"line":117,"column":57}}]},"10":{"loc":{"start":{"line":117,"column":21},"end":{"line":117,"column":48}},"type":"binary-expr","locations":[{"start":{"line":117,"column":21},"end":{"line":117,"column":48}},{"start":{"line":117,"column":44},"end":{"line":117,"column":48}}]},"11":{"loc":{"start":{"line":148,"column":18},"end":{"line":151,"column":4}},"type":"cond-expr","locations":[{"start":{"line":148,"column":18},"end":{"line":148,"column":32}},{"start":{"line":148,"column":36},"end":{"line":151,"column":4}}]},"12":{"loc":{"start":{"line":148,"column":18},"end":{"line":148,"column":36}},"type":"binary-expr","locations":[{"start":{"line":148,"column":18},"end":{"line":148,"column":36}},{"start":{"line":148,"column":18},"end":{"line":148,"column":36}}]},"13":{"loc":{"start":{"line":154,"column":2},"end":{"line":156,"column":3}},"type":"if","locations":[{"start":{"line":154,"column":2},"end":{"line":156,"column":3}}]},"14":{"loc":{"start":{"line":159,"column":2},"end":{"line":162,"column":3}},"type":"if","locations":[{"start":{"line":159,"column":2},"end":{"line":162,"column":3}}]},"15":{"loc":{"start":{"line":170,"column":11},"end":{"line":170,"column":39}},"type":"cond-expr","locations":[{"start":{"line":170,"column":33},"end":{"line":170,"column":34}},{"start":{"line":170,"column":37},"end":{"line":170,"column":39}}]}},"s":{"0":1,"1":1,"2":1,"3":1,"4":5,"5":5,"6":5,"7":11,"8":3,"9":8,"10":5,"11":5,"12":5,"13":5,"14":1,"15":4,"16":5,"17":5,"18":5,"19":5,"20":5,"21":5,"22":5,"23":5,"24":1,"25":4,"26":1,"27":3,"28":3,"29":0,"30":3,"31":3,"32":3,"33":3,"34":0,"35":3,"36":3,"37":3,"38":1,"39":3,"40":3,"41":1,"42":6,"43":6,"44":6,"45":1,"46":5,"47":14,"48":5,"49":0,"50":0,"51":5,"52":20,"53":5,"54":20,"55":5,"56":15,"57":5,"58":6,"59":5,"60":0},"f":{"0":5,"1":5,"2":5,"3":3,"4":3,"5":3,"6":1,"7":3,"8":6,"9":14,"10":0,"11":20,"12":20,"13":15,"14":6,"15":0},"b":{"0":[3],"1":[5],"2":[2,3],"3":[1],"4":[1],"5":[1],"6":[0],"7":[0],"8":[1,2],"9":[3,0],"10":[3,3],"11":[6,0],"12":[6,6],"13":[1],"14":[0],"15":[9,11]}}
}
