TN:
SF:src/error.service.ts
FN:3,parseKlasterNodeError
FN:7,parseExecuteError
FNF:2
FNH:0
FNDA:0,parseKlasterNodeError
FNDA:0,parseExecuteError
DA:3,1
DA:4,0
DA:7,1
DA:8,0
LF:4
LH:2
BRF:0
BRH:0
end_of_record
TN:
SF:src/generated.ts
FNF:0
FNH:0
DA:5,1
LF:1
LH:1
BRF:0
BRH:0
end_of_record
TN:
SF:src/index.ts
FN:68,initKlaster
FN:88,(anonymous_5)
FN:93,(anonymous_6)
FN:99,(anonymous_7)
FN:131,(anonymous_8)
FN:164,(anonymous_9)
FN:213,(anonymous_10)
FN:312,(anonymous_11)
FNF:8
FNH:7
FNDA:10,initKlaster
FNDA:10,(anonymous_5)
FNDA:10,(anonymous_6)
FNDA:10,(anonymous_7)
FNDA:1,(anonymous_8)
FNDA:1,(anonymous_9)
FNDA:3,(anonymous_10)
FNDA:0,(anonymous_11)
DA:2,1
DA:11,1
DA:12,1
DA:13,1
DA:15,1
DA:16,1
DA:17,1
DA:18,1
DA:19,1
DA:20,1
DA:21,1
DA:22,1
DA:23,1
DA:24,1
DA:68,1
DA:69,10
DA:78,1
DA:80,10
DA:89,10
DA:90,10
DA:94,10
DA:95,10
DA:96,10
DA:100,10
DA:101,10
DA:132,1
DA:133,1
DA:165,1
DA:166,1
DA:214,3
DA:216,3
DA:217,0
DA:220,3
DA:222,3
DA:316,0
DA:317,0
DA:318,0
LF:37
LH:33
BRDA:216,0,0,0
BRF:1
BRH:0
end_of_record
TN:
SF:src/node.service.ts
FN:28,(anonymous_1)
FN:44,(anonymous_2)
FN:45,(anonymous_3)
FN:72,(anonymous_4)
FN:92,(anonymous_5)
FN:109,(anonymous_6)
FNF:6
FNH:4
FNDA:10,(anonymous_1)
FNDA:2,(anonymous_2)
FNDA:3,(anonymous_3)
FNDA:0,(anonymous_4)
FNDA:12,(anonymous_5)
FNDA:0,(anonymous_6)
DA:9,1
DA:10,1
DA:19,1
DA:29,10
DA:30,10
DA:45,2
DA:46,3
DA:48,2
DA:49,2
DA:57,2
DA:59,0
DA:73,0
DA:74,0
DA:75,0
DA:76,0
DA:78,0
DA:93,12
DA:94,12
DA:95,12
DA:97,0
DA:110,0
DA:111,0
DA:112,0
DA:114,0
LF:24
LH:13
BRF:0
BRH:0
end_of_record
TN:
SF:src/utils/chains.service.ts
FN:18,(anonymous_0)
FN:22,(anonymous_1)
FN:30,(anonymous_2)
FN:31,(anonymous_3)
FN:39,(anonymous_4)
FN:40,(anonymous_5)
FN:45,(anonymous_6)
FN:52,(anonymous_7)
FN:54,(anonymous_8)
FN:70,(anonymous_9)
FN:92,(anonymous_10)
FN:98,(anonymous_11)
FN:112,(anonymous_12)
FN:119,buildMultichainReadonlyClient
FN:123,buildRpcInfo
FNF:15
FNH:14
FNDA:10,(anonymous_0)
FNDA:3,(anonymous_1)
FNDA:13,(anonymous_2)
FNDA:34,(anonymous_3)
FNDA:8,(anonymous_4)
FNDA:20,(anonymous_5)
FNDA:8,(anonymous_6)
FNDA:8,(anonymous_7)
FNDA:20,(anonymous_8)
FNDA:8,(anonymous_9)
FNDA:4,(anonymous_10)
FNDA:3,(anonymous_11)
FNDA:4,(anonymous_12)
FNDA:10,buildMultichainReadonlyClient
FNDA:0,buildRpcInfo
DA:1,1
DA:13,1
DA:15,1
DA:19,10
DA:30,3
DA:31,34
DA:32,1
DA:39,2
DA:40,20
DA:44,2
DA:46,8
DA:47,8
DA:53,8
DA:54,20
DA:55,8
DA:56,0
DA:58,8
DA:69,2
DA:71,8
DA:72,8
DA:73,4
DA:74,4
DA:80,4
DA:87,1
DA:88,0
DA:91,1
DA:93,4
DA:99,3
DA:100,0
DA:103,3
DA:110,1
DA:113,4
DA:119,1
DA:120,10
DA:123,1
DA:124,0
LF:36
LH:32
BRDA:31,0,0,1
BRDA:53,1,0,0
BRDA:53,1,1,8
BRDA:53,2,0,8
BRDA:53,2,1,8
BRDA:55,3,0,0
BRDA:87,4,0,0
BRDA:99,5,0,0
BRF:8
BRH:4
end_of_record
TN:
SF:src/utils/custom-chain.service.ts
FN:3,defineCustomChain
FNF:1
FNH:1
FNDA:8,defineCustomChain
DA:1,1
DA:3,1
DA:4,8
LF:3
LH:3
BRF:0
BRH:0
end_of_record
TN:
SF:src/utils/encoding.service.ts
FN:35,(anonymous_0)
FN:82,(anonymous_1)
FN:93,(anonymous_2)
FN:94,(anonymous_3)
FN:95,(anonymous_4)
FN:100,(anonymous_5)
FN:101,(anonymous_6)
FNF:7
FNH:7
FNDA:2,(anonymous_0)
FNDA:1,(anonymous_1)
FNDA:2,(anonymous_2)
FNDA:2,(anonymous_3)
FNDA:2,(anonymous_4)
FNDA:2,(anonymous_5)
FNDA:1,(anonymous_6)
DA:1,1
DA:3,1
DA:13,1
DA:41,2
DA:43,2
DA:49,2
DA:89,1
DA:93,2
DA:94,2
DA:95,2
DA:99,1
DA:100,2
DA:102,1
DA:105,1
LF:14
LH:14
BRDA:41,0,0,0
BRDA:41,0,1,2
BRDA:41,1,0,2
BRDA:41,1,1,2
BRDA:46,2,0,2
BRDA:46,2,1,0
BRDA:46,3,0,2
BRDA:46,3,1,2
BRDA:94,4,0,2
BRDA:94,4,1,0
BRDA:94,5,0,2
BRDA:94,5,1,2
BRDA:95,6,0,0
BRDA:95,6,1,2
BRDA:95,7,0,2
BRDA:95,7,1,2
BRF:16
BRH:12
end_of_record
TN:
SF:src/utils/itx.service.ts
FN:7,buildItx
FN:11,batchTx
FN:27,singleTx
FN:43,rawTx
FNF:4
FNH:4
FNDA:3,buildItx
FNDA:4,batchTx
FNDA:3,singleTx
FNDA:7,rawTx
DA:7,1
DA:8,3
DA:11,1
DA:19,4
DA:27,1
DA:35,3
DA:43,1
DA:44,7
LF:8
LH:8
BRDA:22,0,0,4
BRDA:22,0,1,0
BRDA:22,1,0,4
BRDA:22,1,1,4
BRDA:23,2,0,4
BRDA:23,2,1,0
BRDA:23,3,0,4
BRDA:23,3,1,4
BRDA:38,4,0,3
BRDA:38,4,1,0
BRDA:38,5,0,3
BRDA:38,5,1,3
BRDA:39,6,0,3
BRDA:39,6,1,0
BRDA:39,7,0,3
BRDA:39,7,1,3
BRF:16
BRH:12
end_of_record
TN:
SF:src/utils/salt.service.ts
FN:17,(anonymous_0)
FN:33,(anonymous_1)
FNF:2
FNH:2
FNDA:10,(anonymous_0)
FNDA:1,(anonymous_1)
DA:7,1
DA:18,10
DA:34,1
LF:3
LH:3
BRF:0
BRH:0
end_of_record
TN:
SF:src/utils/token-mapping.service.ts
FN:4,getTokenAddressForChainId
FN:5,(anonymous_1)
FN:8,buildTokenMapping
FN:11,(anonymous_3)
FN:19,deployment
FNF:5
FNH:5
FNDA:7,getTokenAddressForChainId
FNDA:18,(anonymous_1)
FNDA:10,buildTokenMapping
FNDA:40,(anonymous_3)
FNDA:41,deployment
DA:4,1
DA:5,18
DA:8,1
DA:9,10
DA:11,10
DA:12,40
DA:19,1
DA:20,41
LF:8
LH:8
BRDA:5,0,0,0
BRDA:5,0,1,7
BRDA:5,1,0,7
BRDA:5,1,1,7
BRF:4
BRH:3
end_of_record
TN:
SF:src/utils/constants/node-url.constants.ts
FNF:0
FNH:0
DA:1,1
LF:1
LH:1
BRF:0
BRH:0
end_of_record
TN:
SF:src/utils/token-utils/erc20-encoder.service.ts
FN:5,encodeApproveTx
FNF:1
FNH:1
FNDA:1,encodeApproveTx
DA:1,1
DA:3,1
DA:5,1
DA:15,1
LF:4
LH:4
BRF:0
BRH:0
end_of_record
TN:
SF:src/utils/token-utils/token-resolver.service.ts
FN:32,(anonymous_1)
FN:41,(anonymous_2)
FN:60,(anonymous_3)
FN:62,(anonymous_4)
FN:70,(anonymous_5)
FN:115,resolveToken
FNF:6
FNH:6
FNDA:1,(anonymous_1)
FNDA:1,(anonymous_2)
FNDA:3,(anonymous_3)
FNDA:6,(anonymous_4)
FNDA:12,(anonymous_5)
FNDA:3,resolveToken
DA:1,1
DA:26,1
DA:33,1
DA:42,1
DA:43,1
DA:44,1
DA:46,0
DA:47,0
DA:61,3
DA:62,6
DA:65,3
DA:66,0
DA:69,3
DA:70,12
DA:72,3
DA:73,0
DA:77,3
DA:81,1
DA:82,1
DA:115,1
DA:116,3
LF:21
LH:17
BRDA:33,0,0,1
BRDA:61,1,0,0
BRDA:61,1,1,3
BRDA:61,2,0,3
BRDA:61,2,1,3
BRDA:65,3,0,0
BRDA:72,4,0,0
BRF:7
BRH:4
end_of_record
TN:
SF:src/utils/token-utils/token-utilization-strategy.service.ts
FN:15,calculateTokenUtilizationStrategy
FN:48,(anonymous_1)
FN:66,(anonymous_2)
FN:90,(anonymous_3)
FN:93,(anonymous_4)
FN:116,(anonymous_5)
FN:119,(anonymous_6)
FN:124,(anonymous_7)
FN:131,prepareStrategy
FN:158,(anonymous_9)
FN:161,(anonymous_10)
FN:165,(anonymous_11)
FN:169,(anonymous_12)
FN:175,(anonymous_13)
FN:196,calculateMultibridgeData
FN:224,buildBridgingEncoder
FNF:16
FNH:14
FNDA:5,calculateTokenUtilizationStrategy
FNDA:5,(anonymous_1)
FNDA:5,(anonymous_2)
FNDA:3,(anonymous_3)
FNDA:3,(anonymous_4)
FNDA:3,(anonymous_5)
FNDA:1,(anonymous_6)
FNDA:3,(anonymous_7)
FNDA:6,prepareStrategy
FNDA:14,(anonymous_9)
FNDA:0,(anonymous_10)
FNDA:20,(anonymous_11)
FNDA:20,(anonymous_12)
FNDA:15,(anonymous_13)
FNDA:6,calculateMultibridgeData
FNDA:0,buildBridgingEncoder
DA:12,1
DA:19,5
DA:20,5
DA:22,5
DA:23,11
DA:24,8
DA:26,5
DA:27,5
DA:28,5
DA:32,5
DA:33,1
DA:36,4
DA:39,1
DA:57,5
DA:58,5
DA:59,5
DA:60,5
DA:61,5
DA:62,5
DA:63,5
DA:69,5
DA:70,1
DA:75,4
DA:76,1
DA:82,3
DA:83,3
DA:84,0
DA:87,3
DA:91,3
DA:94,3
DA:95,3
DA:96,0
DA:101,3
DA:113,3
DA:117,3
DA:120,1
DA:123,3
DA:124,3
DA:131,1
DA:148,6
DA:152,6
DA:154,6
DA:155,1
DA:158,14
DA:159,5
DA:160,0
DA:161,0
DA:164,5
DA:165,20
DA:169,5
DA:170,20
DA:174,5
DA:176,15
DA:185,5
DA:196,1
DA:213,6
DA:221,5
DA:224,1
DA:227,0
LF:59
LH:54
BRDA:23,0,0,3
BRDA:24,1,0,5
BRDA:26,2,0,2
BRDA:26,2,1,3
BRDA:32,3,0,1
BRDA:69,4,0,1
BRDA:75,5,0,1
BRDA:83,6,0,0
BRDA:95,7,0,0
BRDA:113,8,0,1
BRDA:113,8,1,2
BRDA:117,9,0,3
BRDA:117,9,1,0
BRDA:117,10,0,3
BRDA:117,10,1,3
BRDA:148,11,0,6
BRDA:148,11,1,0
BRDA:148,12,0,6
BRDA:148,12,1,6
BRDA:154,13,0,1
BRDA:159,14,0,0
BRDA:170,15,0,9
BRDA:170,15,1,11
BRF:23
BRH:18
end_of_record
