TN:
SF:src/error.service.ts
FN:3,parseKlasterNodeError
FN:7,parseExecuteError
FNF:2
FNH:0
FNDA:0,parseKlasterNodeError
FNDA:0,parseExecuteError
DA:3,1
DA:4,0
DA:7,1
DA:8,0
LF:4
LH:2
BRF:0
BRH:0
end_of_record
TN:
SF:src/generated.ts
FNF:0
FNH:0
DA:5,1
LF:1
LH:1
BRF:0
BRH:0
end_of_record
TN:
SF:src/index.ts
FN:33,initKlaster
FN:48,(anonymous_5)
FN:53,(anonymous_6)
FN:59,(anonymous_7)
FN:64,(anonymous_8)
FN:70,(anonymous_9)
FN:95,(anonymous_10)
FN:102,(anonymous_11)
FNF:8
FNH:4
FNDA:1,initKlaster
FNDA:1,(anonymous_5)
FNDA:1,(anonymous_6)
FNDA:1,(anonymous_7)
FNDA:0,(anonymous_8)
FNDA:0,(anonymous_9)
FNDA:0,(anonymous_10)
FNDA:0,(anonymous_11)
DA:2,1
DA:10,1
DA:11,1
DA:12,1
DA:14,1
DA:15,1
DA:16,1
DA:17,1
DA:18,1
DA:19,1
DA:20,1
DA:21,1
DA:22,1
DA:23,1
DA:24,1
DA:33,1
DA:36,1
DA:39,1
DA:41,1
DA:49,1
DA:50,1
DA:54,1
DA:55,1
DA:56,1
DA:61,1
DA:65,0
DA:66,0
DA:67,0
DA:70,0
DA:71,0
DA:72,0
DA:73,0
DA:77,0
DA:92,0
DA:99,0
DA:106,0
DA:107,0
DA:108,0
LF:38
LH:25
BRDA:66,0,0,0
BRDA:72,1,0,0
BRDA:77,2,0,0
BRDA:77,2,1,0
BRF:4
BRH:0
end_of_record
TN:
SF:src/node.service.ts
FN:17,(anonymous_1)
FN:24,(anonymous_2)
FN:25,(anonymous_3)
FN:43,(anonymous_4)
FN:53,(anonymous_5)
FN:62,(anonymous_6)
FNF:6
FNH:1
FNDA:1,(anonymous_1)
FNDA:0,(anonymous_2)
FNDA:0,(anonymous_3)
FNDA:0,(anonymous_4)
FNDA:0,(anonymous_5)
FNDA:0,(anonymous_6)
DA:9,1
DA:10,1
DA:13,1
DA:18,1
DA:19,1
DA:25,0
DA:26,0
DA:28,0
DA:29,0
DA:37,0
DA:39,0
DA:44,0
DA:45,0
DA:46,0
DA:47,0
DA:49,0
DA:54,0
DA:55,0
DA:56,0
DA:58,0
DA:63,0
DA:64,0
DA:65,0
DA:67,0
LF:24
LH:5
BRF:0
BRH:0
end_of_record
TN:
SF:src/accounts/account.service.ts
FN:17,(anonymous_0)
FN:29,(anonymous_1)
FN:36,(anonymous_2)
FN:37,(anonymous_3)
FNF:4
FNH:3
FNDA:1,(anonymous_0)
FNDA:1,(anonymous_1)
FNDA:2,(anonymous_2)
FNDA:0,(anonymous_3)
DA:1,1
DA:10,1
DA:18,1
DA:19,1
DA:25,1
DA:26,1
DA:31,1
DA:33,1
DA:37,2
LF:9
LH:9
BRDA:19,0,0,0
BRDA:19,0,1,1
BRF:2
BRH:1
end_of_record
TN:
SF:src/accounts/account-vendors/safe.account.ts
FN:9,(anonymous_0)
FN:12,(anonymous_1)
FN:24,loadSafeV141Account
FNF:3
FNH:1
FNDA:1,(anonymous_0)
FNDA:0,(anonymous_1)
FNDA:0,loadSafeV141Account
DA:1,1
DA:2,1
DA:9,1
DA:10,1
DA:13,0
DA:24,1
DA:27,0
LF:7
LH:5
BRF:0
BRH:0
end_of_record
TN:
SF:src/utils/chains.service.ts
FN:18,(anonymous_0)
FN:22,(anonymous_1)
FN:30,(anonymous_2)
FN:31,(anonymous_3)
FN:39,(anonymous_4)
FN:40,(anonymous_5)
FN:45,(anonymous_6)
FN:52,(anonymous_7)
FN:54,(anonymous_8)
FN:70,(anonymous_9)
FN:92,(anonymous_10)
FN:98,(anonymous_11)
FN:112,(anonymous_12)
FN:119,buildMultichainReadonlyClient
FN:123,buildRpcInfo
FNF:15
FNH:0
FNDA:0,(anonymous_0)
FNDA:0,(anonymous_1)
FNDA:0,(anonymous_2)
FNDA:0,(anonymous_3)
FNDA:0,(anonymous_4)
FNDA:0,(anonymous_5)
FNDA:0,(anonymous_6)
FNDA:0,(anonymous_7)
FNDA:0,(anonymous_8)
FNDA:0,(anonymous_9)
FNDA:0,(anonymous_10)
FNDA:0,(anonymous_11)
FNDA:0,(anonymous_12)
FNDA:0,buildMultichainReadonlyClient
FNDA:0,buildRpcInfo
DA:1,1
DA:13,1
DA:15,1
DA:19,0
DA:30,0
DA:31,0
DA:32,0
DA:39,0
DA:40,0
DA:44,0
DA:46,0
DA:47,0
DA:53,0
DA:54,0
DA:55,0
DA:56,0
DA:58,0
DA:69,0
DA:71,0
DA:72,0
DA:73,0
DA:74,0
DA:80,0
DA:87,0
DA:88,0
DA:91,0
DA:93,0
DA:99,0
DA:100,0
DA:103,0
DA:110,0
DA:113,0
DA:119,1
DA:120,0
DA:123,1
DA:124,0
LF:36
LH:5
BRDA:31,0,0,0
BRDA:55,1,0,0
BRDA:87,2,0,0
BRDA:99,3,0,0
BRF:4
BRH:0
end_of_record
TN:
SF:src/utils/custom-chain.service.ts
FN:3,defineCustomChain
FNF:1
FNH:0
FNDA:0,defineCustomChain
DA:1,1
DA:3,1
DA:4,0
LF:3
LH:2
BRF:0
BRH:0
end_of_record
TN:
SF:src/utils/encoding.service.ts
FN:35,(anonymous_0)
FN:82,(anonymous_1)
FN:93,(anonymous_2)
FN:94,(anonymous_3)
FN:95,(anonymous_4)
FN:100,(anonymous_5)
FN:101,(anonymous_6)
FNF:7
FNH:0
FNDA:0,(anonymous_0)
FNDA:0,(anonymous_1)
FNDA:0,(anonymous_2)
FNDA:0,(anonymous_3)
FNDA:0,(anonymous_4)
FNDA:0,(anonymous_5)
FNDA:0,(anonymous_6)
DA:1,1
DA:3,1
DA:13,1
DA:41,0
DA:43,0
DA:49,0
DA:89,0
DA:93,0
DA:94,0
DA:95,0
DA:99,0
DA:100,0
DA:102,0
DA:105,0
LF:14
LH:3
BRDA:41,0,0,0
BRDA:41,0,1,0
BRDA:46,1,0,0
BRDA:46,1,1,0
BRDA:94,2,0,0
BRDA:94,2,1,0
BRDA:95,3,0,0
BRDA:95,3,1,0
BRF:8
BRH:0
end_of_record
TN:
SF:src/utils/itx.service.ts
FN:7,buildItx
FN:11,batchTx
FN:27,singleTx
FN:43,rawTx
FNF:4
FNH:0
FNDA:0,buildItx
FNDA:0,batchTx
FNDA:0,singleTx
FNDA:0,rawTx
DA:7,1
DA:8,0
DA:11,1
DA:19,0
DA:27,1
DA:35,0
DA:43,1
DA:44,0
LF:8
LH:4
BRF:0
BRH:0
end_of_record
TN:
SF:src/utils/salt.service.ts
FN:17,(anonymous_0)
FN:33,(anonymous_1)
FNF:2
FNH:1
FNDA:1,(anonymous_0)
FNDA:0,(anonymous_1)
DA:7,1
DA:18,1
DA:34,0
LF:3
LH:2
BRF:0
BRH:0
end_of_record
TN:
SF:src/utils/token-mapping.service.ts
FN:4,getTokenAddressForChainId
FN:5,(anonymous_1)
FN:8,buildTokenMapping
FN:11,(anonymous_3)
FN:19,deployment
FNF:5
FNH:3
FNDA:0,getTokenAddressForChainId
FNDA:0,(anonymous_1)
FNDA:4,buildTokenMapping
FNDA:24,(anonymous_3)
FNDA:24,deployment
DA:4,1
DA:5,0
DA:8,1
DA:9,4
DA:11,4
DA:12,24
DA:19,1
DA:20,24
LF:8
LH:7
BRF:0
BRH:0
end_of_record
TN:
SF:src/utils/constants/common-tokens.constants.ts
FN:34,(anonymous_0)
FNF:1
FNH:1
FNDA:4,(anonymous_0)
DA:1,1
DA:2,1
DA:3,1
DA:13,1
DA:23,1
DA:33,1
DA:35,4
DA:39,1
LF:8
LH:8
BRF:0
BRH:0
end_of_record
TN:
SF:src/utils/constants/node-url.constants.ts
FNF:0
FNH:0
DA:1,1
LF:1
LH:1
BRF:0
BRH:0
end_of_record
TN:
SF:src/utils/token-utils/erc20-encoder.service.ts
FN:5,encodeApproveTx
FNF:1
FNH:0
FNDA:0,encodeApproveTx
DA:1,1
DA:3,1
DA:5,1
DA:15,0
LF:4
LH:3
BRF:0
BRH:0
end_of_record
TN:
SF:src/utils/token-utils/token-resolver.service.ts
FN:32,(anonymous_1)
FN:41,(anonymous_2)
FN:60,(anonymous_3)
FN:62,(anonymous_4)
FN:70,(anonymous_5)
FN:115,resolveToken
FNF:6
FNH:2
FNDA:1,(anonymous_1)
FNDA:1,(anonymous_2)
FNDA:0,(anonymous_3)
FNDA:0,(anonymous_4)
FNDA:0,(anonymous_5)
FNDA:0,resolveToken
DA:1,1
DA:26,1
DA:33,1
DA:42,1
DA:43,1
DA:44,0
DA:46,0
DA:47,0
DA:61,0
DA:62,0
DA:65,0
DA:66,0
DA:69,0
DA:70,0
DA:72,0
DA:73,0
DA:77,0
DA:81,1
DA:82,1
DA:115,1
DA:116,0
LF:21
LH:8
BRDA:33,0,0,1
BRDA:65,1,0,0
BRDA:72,2,0,0
BRF:3
BRH:1
end_of_record
TN:
SF:src/utils/token-utils/token-utilization-strategy.service.ts
FN:15,calculateTokenUtilizationStrategy
FN:48,(anonymous_1)
FN:66,(anonymous_2)
FN:90,(anonymous_3)
FN:93,(anonymous_4)
FN:116,(anonymous_5)
FN:119,(anonymous_6)
FN:124,(anonymous_7)
FN:131,prepareStrategy
FN:158,(anonymous_9)
FN:161,(anonymous_10)
FN:165,(anonymous_11)
FN:169,(anonymous_12)
FN:175,(anonymous_13)
FN:196,calculateMultibridgeData
FN:224,buildBridgingEncoder
FNF:16
FNH:0
FNDA:0,calculateTokenUtilizationStrategy
FNDA:0,(anonymous_1)
FNDA:0,(anonymous_2)
FNDA:0,(anonymous_3)
FNDA:0,(anonymous_4)
FNDA:0,(anonymous_5)
FNDA:0,(anonymous_6)
FNDA:0,(anonymous_7)
FNDA:0,prepareStrategy
FNDA:0,(anonymous_9)
FNDA:0,(anonymous_10)
FNDA:0,(anonymous_11)
FNDA:0,(anonymous_12)
FNDA:0,(anonymous_13)
FNDA:0,calculateMultibridgeData
FNDA:0,buildBridgingEncoder
DA:12,1
DA:19,0
DA:20,0
DA:22,0
DA:23,0
DA:24,0
DA:26,0
DA:27,0
DA:28,0
DA:32,0
DA:33,0
DA:36,0
DA:39,1
DA:57,0
DA:58,0
DA:59,0
DA:60,0
DA:61,0
DA:62,0
DA:63,0
DA:69,0
DA:70,0
DA:75,0
DA:76,0
DA:82,0
DA:83,0
DA:84,0
DA:87,0
DA:91,0
DA:94,0
DA:95,0
DA:96,0
DA:101,0
DA:113,0
DA:117,0
DA:120,0
DA:123,0
DA:124,0
DA:131,1
DA:148,0
DA:152,0
DA:154,0
DA:155,0
DA:158,0
DA:159,0
DA:160,0
DA:161,0
DA:164,0
DA:165,0
DA:169,0
DA:170,0
DA:174,0
DA:176,0
DA:185,0
DA:196,1
DA:213,0
DA:221,0
DA:224,1
DA:227,0
LF:59
LH:5
BRDA:23,0,0,0
BRDA:24,1,0,0
BRDA:26,2,0,0
BRDA:26,2,1,0
BRDA:32,3,0,0
BRDA:69,4,0,0
BRDA:75,5,0,0
BRDA:83,6,0,0
BRDA:95,7,0,0
BRDA:113,8,0,0
BRDA:113,8,1,0
BRDA:117,9,0,0
BRDA:117,9,1,0
BRDA:148,10,0,0
BRDA:148,10,1,0
BRDA:154,11,0,0
BRDA:159,12,0,0
BRDA:170,13,0,0
BRDA:170,13,1,0
BRF:19
BRH:0
end_of_record
